<?xml version="1.0" encoding="UTF-8"?>
<coverage generated="1379755896">
  <project timestamp="1379755896">
    <package name="Icecave\Flax">
      <file name="/home/travis/build/IcecaveLabs/flax/src/Icecave/Flax/HessianClient.php">
        <class name="HessianClient" namespace="Icecave\Flax">
          <metrics methods="3" coveredmethods="0" conditionals="0" coveredconditionals="0" statements="27" coveredstatements="0" elements="30" coveredelements="0"/>
        </class>
        <line num="17" type="method" name="__construct" crap="12" count="0"/>
        <line num="23" type="stmt" count="0"/>
        <line num="25" type="stmt" count="0"/>
        <line num="26" type="stmt" count="0"/>
        <line num="27" type="stmt" count="0"/>
        <line num="29" type="stmt" count="0"/>
        <line num="30" type="stmt" count="0"/>
        <line num="31" type="stmt" count="0"/>
        <line num="33" type="stmt" count="0"/>
        <line num="34" type="stmt" count="0"/>
        <line num="35" type="stmt" count="0"/>
        <line num="36" type="stmt" count="0"/>
        <line num="37" type="stmt" count="0"/>
        <line num="45" type="method" name="__call" crap="2" count="0"/>
        <line num="47" type="stmt" count="0"/>
        <line num="49" type="stmt" count="0"/>
        <line num="50" type="stmt" count="0"/>
        <line num="58" type="method" name="invoke" crap="2" count="0"/>
        <line num="60" type="stmt" count="0"/>
        <line num="62" type="stmt" count="0"/>
        <line num="63" type="stmt" count="0"/>
        <line num="65" type="stmt" count="0"/>
        <line num="66" type="stmt" count="0"/>
        <line num="68" type="stmt" count="0"/>
        <line num="69" type="stmt" count="0"/>
        <line num="71" type="stmt" count="0"/>
        <line num="72" type="stmt" count="0"/>
        <line num="74" type="stmt" count="0"/>
        <line num="76" type="stmt" count="0"/>
        <line num="77" type="stmt" count="0"/>
        <metrics loc="84" ncloc="66" classes="1" methods="3" coveredmethods="0" conditionals="0" coveredconditionals="0" statements="27" coveredstatements="0" elements="30" coveredelements="0"/>
      </file>
      <file name="/home/travis/build/IcecaveLabs/flax/src/Icecave/Flax/HessianClientFactory.php">
        <class name="HessianClientFactory" namespace="Icecave\Flax">
          <metrics methods="1" coveredmethods="0" conditionals="0" coveredconditionals="0" statements="10" coveredstatements="0" elements="11" coveredelements="0"/>
        </class>
        <line num="15" type="method" name="connect" crap="6" count="0"/>
        <line num="16" type="stmt" count="0"/>
        <line num="17" type="stmt" count="0"/>
        <line num="19" type="stmt" count="0"/>
        <line num="20" type="stmt" count="0"/>
        <line num="21" type="stmt" count="0"/>
        <line num="22" type="stmt" count="0"/>
        <line num="24" type="stmt" count="0"/>
        <line num="26" type="stmt" count="0"/>
        <line num="27" type="stmt" count="0"/>
        <metrics loc="28" ncloc="23" classes="1" methods="1" coveredmethods="0" conditionals="0" coveredconditionals="0" statements="10" coveredstatements="0" elements="11" coveredelements="0"/>
      </file>
    </package>
    <file name="/home/travis/build/IcecaveLabs/flax/src/Icecave/Flax/HessianClientInterface.php">
      <metrics loc="21" ncloc="9" classes="0" methods="0" coveredmethods="0" conditionals="0" coveredconditionals="0" statements="0" coveredstatements="0" elements="0" coveredelements="0"/>
    </file>
    <package name="Icecave\Flax\Wire\Exception">
      <file name="/home/travis/build/IcecaveLabs/flax/src/Icecave/Flax/Wire/Exception/DecodeException.php">
        <class name="DecodeException" namespace="Icecave\Flax\Wire\Exception">
          <metrics methods="1" coveredmethods="0" conditionals="0" coveredconditionals="0" statements="4" coveredstatements="0" elements="5" coveredelements="0"/>
        </class>
        <line num="9" type="method" name="__construct" crap="2" count="0"/>
        <line num="10" type="stmt" count="0"/>
        <line num="11" type="stmt" count="0"/>
        <line num="12" type="stmt" count="0"/>
        <metrics loc="13" ncloc="13" classes="1" methods="1" coveredmethods="0" conditionals="0" coveredconditionals="0" statements="4" coveredstatements="0" elements="5" coveredelements="0"/>
      </file>
    </package>
    <package name="Icecave\Flax\Wire">
      <file name="/home/travis/build/IcecaveLabs/flax/src/Icecave/Flax/Wire/HessianConstants.php">
        <class name="HessianConstants" namespace="Icecave\Flax\Wire">
          <metrics methods="0" coveredmethods="0" conditionals="0" coveredconditionals="0" statements="0" coveredstatements="0" elements="0" coveredelements="0"/>
        </class>
        <line num="171" type="stmt" count="0"/>
        <metrics loc="170" ncloc="88" classes="1" methods="0" coveredmethods="0" conditionals="0" coveredconditionals="0" statements="0" coveredstatements="0" elements="0" coveredelements="0"/>
      </file>
      <file name="/home/travis/build/IcecaveLabs/flax/src/Icecave/Flax/Wire/ProtocolDecoder.php">
        <class name="ProtocolDecoder" namespace="Icecave\Flax\Wire">
          <metrics methods="0" coveredmethods="0" conditionals="0" coveredconditionals="0" statements="0" coveredstatements="0" elements="0" coveredelements="0"/>
        </class>
        <metrics loc="143" ncloc="-59" classes="1" methods="0" coveredmethods="0" conditionals="0" coveredconditionals="0" statements="0" coveredstatements="0" elements="0" coveredelements="0"/>
      </file>
      <file name="/home/travis/build/IcecaveLabs/flax/src/Icecave/Flax/Wire/ProtocolDecoderState.php">
        <class name="ProtocolDecoderState" namespace="Icecave\Flax\Wire">
          <metrics methods="0" coveredmethods="0" conditionals="0" coveredconditionals="0" statements="0" coveredstatements="0" elements="0" coveredelements="0"/>
        </class>
        <metrics loc="12" ncloc="12" classes="1" methods="0" coveredmethods="0" conditionals="0" coveredconditionals="0" statements="0" coveredstatements="0" elements="0" coveredelements="0"/>
      </file>
      <file name="/home/travis/build/IcecaveLabs/flax/src/Icecave/Flax/Wire/ProtocolEncoder.php">
        <class name="ProtocolEncoder" namespace="Icecave\Flax\Wire">
          <metrics methods="4" coveredmethods="3" conditionals="0" coveredconditionals="0" statements="16" coveredstatements="13" elements="20" coveredelements="16"/>
        </class>
        <line num="8" type="method" name="__construct" crap="1" count="2"/>
        <line num="10" type="stmt" count="2"/>
        <line num="12" type="stmt" count="2"/>
        <line num="13" type="stmt" count="2"/>
        <line num="15" type="method" name="reset" crap="2" count="0"/>
        <line num="17" type="stmt" count="0"/>
        <line num="19" type="stmt" count="0"/>
        <line num="20" type="stmt" count="0"/>
        <line num="25" type="method" name="encodeVersion" crap="1" count="1"/>
        <line num="27" type="stmt" count="1"/>
        <line num="29" type="stmt" count="1"/>
        <line num="38" type="method" name="encodeCall" crap="2" count="1"/>
        <line num="40" type="stmt" count="1"/>
        <line num="42" type="stmt" count="1"/>
        <line num="43" type="stmt" count="1"/>
        <line num="44" type="stmt" count="1"/>
        <line num="46" type="stmt" count="1"/>
        <line num="47" type="stmt" count="1"/>
        <line num="48" type="stmt" count="1"/>
        <line num="50" type="stmt" count="1"/>
        <line num="56" type="stmt" count="0"/>
        <metrics loc="55" ncloc="46" classes="1" methods="4" coveredmethods="3" conditionals="0" coveredconditionals="0" statements="16" coveredstatements="13" elements="20" coveredelements="16"/>
      </file>
      <file name="/home/travis/build/IcecaveLabs/flax/src/Icecave/Flax/Wire/Utility.php">
        <class name="Utility" namespace="Icecave\Flax\Wire">
          <metrics methods="6" coveredmethods="4" conditionals="0" coveredconditionals="0" statements="21" coveredstatements="17" elements="27" coveredelements="21"/>
        </class>
        <line num="11" type="method" name="isBigEndian" crap="2" count="2"/>
        <line num="13" type="stmt" count="2"/>
        <line num="15" type="stmt" count="2"/>
        <line num="17" type="stmt" count="2"/>
        <line num="18" type="stmt" count="1"/>
        <line num="19" type="stmt" count="1"/>
        <line num="21" type="stmt" count="2"/>
        <line num="29" type="method" name="convertEndianness" crap="2" count="1"/>
        <line num="31" type="stmt" count="1"/>
        <line num="33" type="stmt" count="1"/>
        <line num="34" type="stmt" count="1"/>
        <line num="35" type="stmt" count="1"/>
        <line num="43" type="method" name="packInt64" crap="1" count="1"/>
        <line num="45" type="stmt" count="1"/>
        <line num="47" type="stmt" count="1"/>
        <line num="48" type="stmt" count="1"/>
        <line num="50" type="stmt" count="1"/>
        <line num="58" type="method" name="unpackInt64" crap="1" count="1"/>
        <line num="60" type="stmt" count="1"/>
        <line num="62" type="stmt" count="1"/>
        <line num="64" type="stmt" count="1"/>
        <line num="67" type="method" name="byteToUnsigned" crap="2" count="0"/>
        <line num="69" type="stmt" count="0"/>
        <line num="71" type="stmt" count="0"/>
        <line num="74" type="method" name="byteToSigned" crap="2" count="0"/>
        <line num="76" type="stmt" count="0"/>
        <line num="78" type="stmt" count="0"/>
        <line num="81" type="stmt" count="0"/>
        <metrics loc="80" ncloc="62" classes="1" methods="6" coveredmethods="4" conditionals="0" coveredconditionals="0" statements="21" coveredstatements="17" elements="27" coveredelements="21"/>
      </file>
      <file name="/home/travis/build/IcecaveLabs/flax/src/Icecave/Flax/Wire/ValueDecoder.php">
        <class name="ValueDecoder" namespace="Icecave\Flax\Wire">
          <metrics methods="62" coveredmethods="62" conditionals="0" coveredconditionals="0" statements="457" coveredstatements="450" elements="519" coveredelements="512"/>
        </class>
        <line num="0" type="stmt" count="0"/>
        <line num="13" type="method" name="__construct" crap="1" count="79"/>
        <line num="17" type="stmt" count="79"/>
        <line num="18" type="stmt" count="79"/>
        <line num="20" type="method" name="reset" crap="1" count="79"/>
        <line num="24" type="stmt" count="79"/>
        <line num="25" type="stmt" count="79"/>
        <line num="26" type="stmt" count="79"/>
        <line num="27" type="stmt" count="79"/>
        <line num="28" type="stmt" count="79"/>
        <line num="30" type="method" name="feed" crap="2" count="79"/>
        <line num="34" type="stmt" count="79"/>
        <line num="36" type="stmt" count="79"/>
        <line num="37" type="stmt" count="79"/>
        <line num="38" type="stmt" count="79"/>
        <line num="39" type="stmt" count="79"/>
        <line num="41" type="method" name="feedCharacter" crap="28" count="79"/>
        <line num="43" type="stmt" count="79"/>
        <line num="44" type="stmt" count="79"/>
        <line num="46" type="stmt" count="79"/>
        <line num="47" type="stmt" count="79"/>
        <line num="48" type="stmt" count="3"/>
        <line num="49" type="stmt" count="79"/>
        <line num="50" type="stmt" count="16"/>
        <line num="51" type="stmt" count="79"/>
        <line num="52" type="stmt" count="1"/>
        <line num="53" type="stmt" count="79"/>
        <line num="54" type="stmt" count="1"/>
        <line num="55" type="stmt" count="79"/>
        <line num="56" type="stmt" count="2"/>
        <line num="57" type="stmt" count="79"/>
        <line num="58" type="stmt" count="2"/>
        <line num="59" type="stmt" count="79"/>
        <line num="60" type="stmt" count="1"/>
        <line num="62" type="stmt" count="79"/>
        <line num="63" type="stmt" count="2"/>
        <line num="64" type="stmt" count="79"/>
        <line num="65" type="stmt" count="2"/>
        <line num="66" type="stmt" count="79"/>
        <line num="67" type="stmt" count="1"/>
        <line num="68" type="stmt" count="79"/>
        <line num="69" type="stmt" count="1"/>
        <line num="70" type="stmt" count="79"/>
        <line num="71" type="stmt" count="2"/>
        <line num="72" type="stmt" count="79"/>
        <line num="73" type="stmt" count="2"/>
        <line num="74" type="stmt" count="79"/>
        <line num="75" type="stmt" count="1"/>
        <line num="77" type="stmt" count="79"/>
        <line num="78" type="stmt" count="14"/>
        <line num="79" type="stmt" count="79"/>
        <line num="80" type="stmt" count="1"/>
        <line num="82" type="stmt" count="79"/>
        <line num="83" type="stmt" count="4"/>
        <line num="84" type="stmt" count="79"/>
        <line num="85" type="stmt" count="3"/>
        <line num="86" type="stmt" count="79"/>
        <line num="87" type="stmt" count="2"/>
        <line num="88" type="stmt" count="79"/>
        <line num="89" type="stmt" count="1"/>
        <line num="91" type="stmt" count="79"/>
        <line num="92" type="stmt" count="1"/>
        <line num="93" type="stmt" count="79"/>
        <line num="94" type="stmt" count="1"/>
        <line num="96" type="stmt" count="79"/>
        <line num="97" type="stmt" count="12"/>
        <line num="99" type="stmt" count="79"/>
        <line num="100" type="stmt" count="79"/>
        <line num="101" type="stmt" count="13"/>
        <line num="103" type="stmt" count="79"/>
        <line num="104" type="stmt" count="79"/>
        <line num="105" type="stmt" count="7"/>
        <line num="106" type="stmt" count="79"/>
        <line num="108" type="stmt" count="79"/>
        <line num="111" type="method" name="finalize" crap="2.03" count="79"/>
        <line num="113" type="stmt" count="79"/>
        <line num="114" type="stmt" count="0"/>
        <line num="117" type="stmt" count="79"/>
        <line num="118" type="stmt" count="79"/>
        <line num="120" type="stmt" count="79"/>
        <line num="123" type="method" name="handleBegin" crap="39" count="79"/>
        <line num="126" type="stmt" count="79"/>
        <line num="127" type="stmt" count="1"/>
        <line num="128" type="stmt" count="78"/>
        <line num="129" type="stmt" count="1"/>
        <line num="130" type="stmt" count="77"/>
        <line num="131" type="stmt" count="1"/>
        <line num="132" type="stmt" count="76"/>
        <line num="133" type="stmt" count="1"/>
        <line num="134" type="stmt" count="75"/>
        <line num="135" type="stmt" count="1"/>
        <line num="136" type="stmt" count="74"/>
        <line num="137" type="stmt" count="1"/>
        <line num="138" type="stmt" count="73"/>
        <line num="139" type="stmt" count="1"/>
        <line num="140" type="stmt" count="72"/>
        <line num="141" type="stmt" count="1"/>
        <line num="142" type="stmt" count="71"/>
        <line num="143" type="stmt" count="1"/>
        <line num="144" type="stmt" count="70"/>
        <line num="145" type="stmt" count="4"/>
        <line num="146" type="stmt" count="66"/>
        <line num="147" type="stmt" count="3"/>
        <line num="148" type="stmt" count="63"/>
        <line num="149" type="stmt" count="2"/>
        <line num="150" type="stmt" count="61"/>
        <line num="151" type="stmt" count="1"/>
        <line num="152" type="stmt" count="60"/>
        <line num="153" type="stmt" count="1"/>
        <line num="154" type="stmt" count="59"/>
        <line num="155" type="stmt" count="1"/>
        <line num="160" type="stmt" count="58"/>
        <line num="161" type="stmt" count="1"/>
        <line num="162" type="stmt" count="58"/>
        <line num="163" type="stmt" count="3"/>
        <line num="164" type="stmt" count="57"/>
        <line num="165" type="stmt" count="3"/>
        <line num="166" type="stmt" count="56"/>
        <line num="167" type="stmt" count="4"/>
        <line num="168" type="stmt" count="55"/>
        <line num="169" type="stmt" count="3"/>
        <line num="170" type="stmt" count="54"/>
        <line num="171" type="stmt" count="3"/>
        <line num="172" type="stmt" count="53"/>
        <line num="173" type="stmt" count="4"/>
        <line num="176" type="stmt" count="51"/>
        <line num="177" type="stmt" count="27"/>
        <line num="178" type="stmt" count="28"/>
        <line num="179" type="stmt" count="8"/>
        <line num="180" type="stmt" count="20"/>
        <line num="181" type="stmt" count="2"/>
        <line num="182" type="stmt" count="18"/>
        <line num="183" type="stmt" count="2"/>
        <line num="184" type="stmt" count="16"/>
        <line num="185" type="stmt" count="4"/>
        <line num="186" type="stmt" count="12"/>
        <line num="187" type="stmt" count="3"/>
        <line num="188" type="stmt" count="9"/>
        <line num="189" type="stmt" count="3"/>
        <line num="192" type="stmt" count="6"/>
        <line num="193" type="stmt" count="3"/>
        <line num="194" type="stmt" count="3"/>
        <line num="195" type="stmt" count="3"/>
        <line num="198" type="stmt" count="0"/>
        <line num="201" type="method" name="handleBeginString" crap="7" count="37"/>
        <line num="203" type="stmt" count="37"/>
        <line num="204" type="stmt" count="1"/>
        <line num="205" type="stmt" count="37"/>
        <line num="206" type="stmt" count="1"/>
        <line num="207" type="stmt" count="36"/>
        <line num="208" type="stmt" count="15"/>
        <line num="209" type="stmt" count="35"/>
        <line num="210" type="stmt" count="3"/>
        <line num="211" type="stmt" count="3"/>
        <line num="212" type="stmt" count="20"/>
        <line num="215" type="stmt" count="20"/>
        <line num="218" type="method" name="handleBeginInt32" crap="8" count="54"/>
        <line num="220" type="stmt" count="54"/>
        <line num="221" type="stmt" count="1"/>
        <line num="222" type="stmt" count="54"/>
        <line num="223" type="stmt" count="23"/>
        <line num="224" type="stmt" count="53"/>
        <line num="225" type="stmt" count="3"/>
        <line num="226" type="stmt" count="34"/>
        <line num="227" type="stmt" count="3"/>
        <line num="228" type="stmt" count="3"/>
        <line num="229" type="stmt" count="28"/>
        <line num="232" type="stmt" count="30"/>
        <line num="235" type="method" name="emitValue" crap="8" count="79"/>
        <line num="237" type="stmt" count="79"/>
        <line num="239" type="stmt" count="79"/>
        <line num="240" type="stmt" count="79"/>
        <line num="241" type="stmt" count="12"/>
        <line num="242" type="stmt" count="79"/>
        <line num="243" type="stmt" count="5"/>
        <line num="244" type="stmt" count="79"/>
        <line num="245" type="stmt" count="6"/>
        <line num="246" type="stmt" count="79"/>
        <line num="247" type="stmt" count="8"/>
        <line num="248" type="stmt" count="79"/>
        <line num="249" type="stmt" count="4"/>
        <line num="250" type="stmt" count="79"/>
        <line num="251" type="stmt" count="4"/>
        <line num="252" type="stmt" count="79"/>
        <line num="253" type="stmt" count="1"/>
        <line num="254" type="stmt" count="79"/>
        <line num="256" type="stmt" count="79"/>
        <line num="257" type="stmt" count="79"/>
        <line num="259" type="method" name="emitValueCollectionType" crap="2" count="12"/>
        <line num="261" type="stmt" count="12"/>
        <line num="263" type="stmt" count="12"/>
        <line num="264" type="stmt" count="1"/>
        <line num="265" type="stmt" count="1"/>
        <line num="266" type="stmt" count="12"/>
        <line num="268" type="method" name="emitValueVector" crap="1" count="5"/>
        <line num="270" type="stmt" count="5"/>
        <line num="272" type="stmt" count="5"/>
        <line num="273" type="stmt" count="5"/>
        <line num="275" type="method" name="emitValueVectorSize" crap="2" count="6"/>
        <line num="277" type="stmt" count="6"/>
        <line num="279" type="stmt" count="6"/>
        <line num="280" type="stmt" count="2"/>
        <line num="281" type="stmt" count="2"/>
        <line num="282" type="stmt" count="4"/>
        <line num="284" type="stmt" count="6"/>
        <line num="286" type="method" name="emitValueVectorFixed" crap="2" count="8"/>
        <line num="288" type="stmt" count="8"/>
        <line num="290" type="stmt" count="8"/>
        <line num="292" type="stmt" count="8"/>
        <line num="293" type="stmt" count="8"/>
        <line num="294" type="stmt" count="8"/>
        <line num="295" type="stmt" count="8"/>
        <line num="297" type="method" name="emitValueMapKey" crap="1" count="4"/>
        <line num="299" type="stmt" count="4"/>
        <line num="301" type="stmt" count="4"/>
        <line num="302" type="stmt" count="4"/>
        <line num="304" type="method" name="emitValueMapValue" crap="1" count="4"/>
        <line num="306" type="stmt" count="4"/>
        <line num="307" type="stmt" count="4"/>
        <line num="309" type="stmt" count="4"/>
        <line num="311" type="stmt" count="4"/>
        <line num="312" type="stmt" count="4"/>
        <line num="314" type="method" name="emitValueReference" crap="1" count="1"/>
        <line num="316" type="stmt" count="1"/>
        <line num="317" type="stmt" count="1"/>
        <line num="318" type="stmt" count="1"/>
        <line num="319" type="stmt" count="1"/>
        <line num="321" type="method" name="beginCompactString" crap="2" count="15"/>
        <line num="323" type="stmt" count="15"/>
        <line num="324" type="stmt" count="1"/>
        <line num="325" type="stmt" count="1"/>
        <line num="326" type="stmt" count="14"/>
        <line num="327" type="stmt" count="14"/>
        <line num="329" type="stmt" count="15"/>
        <line num="331" type="method" name="beginString" crap="1" count="3"/>
        <line num="333" type="stmt" count="3"/>
        <line num="334" type="stmt" count="3"/>
        <line num="335" type="stmt" count="3"/>
        <line num="337" type="method" name="beginCompactBinary" crap="2" count="2"/>
        <line num="339" type="stmt" count="2"/>
        <line num="340" type="stmt" count="1"/>
        <line num="341" type="stmt" count="1"/>
        <line num="342" type="stmt" count="1"/>
        <line num="343" type="stmt" count="1"/>
        <line num="345" type="stmt" count="2"/>
        <line num="347" type="method" name="beginBinary" crap="1" count="2"/>
        <line num="349" type="stmt" count="2"/>
        <line num="350" type="stmt" count="2"/>
        <line num="351" type="stmt" count="2"/>
        <line num="353" type="method" name="beginInt32Compact2" crap="1" count="3"/>
        <line num="355" type="stmt" count="3"/>
        <line num="356" type="stmt" count="3"/>
        <line num="357" type="stmt" count="3"/>
        <line num="358" type="stmt" count="3"/>
        <line num="360" type="method" name="beginInt32Compact3" crap="1" count="3"/>
        <line num="362" type="stmt" count="3"/>
        <line num="363" type="stmt" count="3"/>
        <line num="364" type="stmt" count="3"/>
        <line num="365" type="stmt" count="3"/>
        <line num="367" type="method" name="beginInt64Compact2" crap="1" count="3"/>
        <line num="369" type="stmt" count="3"/>
        <line num="370" type="stmt" count="3"/>
        <line num="371" type="stmt" count="3"/>
        <line num="372" type="stmt" count="3"/>
        <line num="374" type="method" name="beginInt64Compact3" crap="1" count="3"/>
        <line num="376" type="stmt" count="3"/>
        <line num="377" type="stmt" count="3"/>
        <line num="378" type="stmt" count="3"/>
        <line num="379" type="stmt" count="3"/>
        <line num="396" type="method" name="beginFixedLengthVector" crap="1" count="3"/>
        <line num="398" type="stmt" count="3"/>
        <line num="399" type="stmt" count="3"/>
        <line num="400" type="stmt" count="3"/>
        <line num="402" type="method" name="beginTypedVector" crap="1" count="3"/>
        <line num="404" type="stmt" count="3"/>
        <line num="405" type="stmt" count="3"/>
        <line num="406" type="stmt" count="3"/>
        <line num="408" type="method" name="beginTypedFixedLengthVector" crap="1" count="3"/>
        <line num="410" type="stmt" count="3"/>
        <line num="411" type="stmt" count="3"/>
        <line num="412" type="stmt" count="3"/>
        <line num="413" type="stmt" count="3"/>
        <line num="415" type="method" name="beginCompactTypedFixedLengthVector" crap="1" count="3"/>
        <line num="417" type="stmt" count="3"/>
        <line num="418" type="stmt" count="3"/>
        <line num="420" type="stmt" count="3"/>
        <line num="421" type="stmt" count="3"/>
        <line num="423" type="method" name="beginCompactFixedLengthVector" crap="2" count="3"/>
        <line num="425" type="stmt" count="3"/>
        <line num="426" type="stmt" count="1"/>
        <line num="427" type="stmt" count="1"/>
        <line num="428" type="stmt" count="2"/>
        <line num="429" type="stmt" count="2"/>
        <line num="431" type="stmt" count="3"/>
        <line num="433" type="method" name="beginTypedMap" crap="1" count="3"/>
        <line num="435" type="stmt" count="3"/>
        <line num="436" type="stmt" count="3"/>
        <line num="437" type="stmt" count="3"/>
        <line num="439" type="method" name="handleStringSize" crap="2" count="3"/>
        <line num="441" type="stmt" count="3"/>
        <line num="443" type="stmt" count="3"/>
        <line num="444" type="stmt" count="1"/>
        <line num="445" type="stmt" count="1"/>
        <line num="446" type="stmt" count="2"/>
        <line num="447" type="stmt" count="2"/>
        <line num="449" type="stmt" count="3"/>
        <line num="451" type="method" name="handleStringData" crap="2" count="16"/>
        <line num="453" type="stmt" count="16"/>
        <line num="454" type="stmt" count="16"/>
        <line num="455" type="stmt" count="16"/>
        <line num="456" type="stmt" count="16"/>
        <line num="458" type="method" name="handleStringChunkSize" crap="3" count="2"/>
        <line num="460" type="stmt" count="2"/>
        <line num="462" type="stmt" count="2"/>
        <line num="463" type="stmt" count="2"/>
        <line num="466" type="stmt" count="2"/>
        <line num="468" type="stmt" count="2"/>
        <line num="469" type="stmt" count="2"/>
        <line num="470" type="stmt" count="2"/>
        <line num="471" type="stmt" count="1"/>
        <line num="473" type="stmt" count="2"/>
        <line num="475" type="method" name="handleStringChunkData" crap="3" count="2"/>
        <line num="477" type="stmt" count="2"/>
        <line num="478" type="stmt" count="2"/>
        <line num="481" type="stmt" count="2"/>
        <line num="482" type="stmt" count="2"/>
        <line num="484" type="stmt" count="2"/>
        <line num="485" type="stmt" count="2"/>
        <line num="486" type="stmt" count="2"/>
        <line num="487" type="stmt" count="1"/>
        <line num="489" type="stmt" count="2"/>
        <line num="491" type="method" name="handleStringChunkContinuation" crap="3.07" count="1"/>
        <line num="494" type="stmt" count="1"/>
        <line num="495" type="stmt" count="1"/>
        <line num="496" type="stmt" count="1"/>
        <line num="497" type="stmt" count="1"/>
        <line num="500" type="stmt" count="0"/>
        <line num="503" type="method" name="handleBinarySize" crap="2" count="2"/>
        <line num="505" type="stmt" count="2"/>
        <line num="507" type="stmt" count="2"/>
        <line num="508" type="stmt" count="1"/>
        <line num="509" type="stmt" count="1"/>
        <line num="510" type="stmt" count="1"/>
        <line num="511" type="stmt" count="1"/>
        <line num="513" type="stmt" count="2"/>
        <line num="515" type="method" name="handleBinaryData" crap="2" count="2"/>
        <line num="517" type="stmt" count="2"/>
        <line num="518" type="stmt" count="2"/>
        <line num="519" type="stmt" count="2"/>
        <line num="520" type="stmt" count="2"/>
        <line num="522" type="method" name="handleBinaryChunkSize" crap="3" count="2"/>
        <line num="524" type="stmt" count="2"/>
        <line num="526" type="stmt" count="2"/>
        <line num="527" type="stmt" count="2"/>
        <line num="530" type="stmt" count="2"/>
        <line num="532" type="stmt" count="2"/>
        <line num="533" type="stmt" count="2"/>
        <line num="534" type="stmt" count="2"/>
        <line num="535" type="stmt" count="1"/>
        <line num="537" type="stmt" count="2"/>
        <line num="539" type="method" name="handleBinaryChunkData" crap="3" count="2"/>
        <line num="541" type="stmt" count="2"/>
        <line num="542" type="stmt" count="2"/>
        <line num="545" type="stmt" count="2"/>
        <line num="546" type="stmt" count="2"/>
        <line num="548" type="stmt" count="2"/>
        <line num="549" type="stmt" count="2"/>
        <line num="550" type="stmt" count="2"/>
        <line num="551" type="stmt" count="1"/>
        <line num="553" type="stmt" count="2"/>
        <line num="555" type="method" name="handleBinaryChunkContinuation" crap="3.07" count="1"/>
        <line num="558" type="stmt" count="1"/>
        <line num="559" type="stmt" count="1"/>
        <line num="560" type="stmt" count="1"/>
        <line num="561" type="stmt" count="1"/>
        <line num="564" type="stmt" count="0"/>
        <line num="567" type="method" name="handleDouble1" crap="1" count="4"/>
        <line num="569" type="stmt" count="4"/>
        <line num="570" type="stmt" count="4"/>
        <line num="572" type="method" name="handleDouble2" crap="2" count="3"/>
        <line num="574" type="stmt" count="3"/>
        <line num="576" type="stmt" count="3"/>
        <line num="577" type="stmt" count="3"/>
        <line num="578" type="stmt" count="3"/>
        <line num="579" type="stmt" count="3"/>
        <line num="581" type="method" name="handleDouble4" crap="2" count="2"/>
        <line num="583" type="stmt" count="2"/>
        <line num="585" type="stmt" count="2"/>
        <line num="586" type="stmt" count="2"/>
        <line num="587" type="stmt" count="2"/>
        <line num="588" type="stmt" count="2"/>
        <line num="589" type="stmt" count="2"/>
        <line num="590" type="stmt" count="2"/>
        <line num="591" type="stmt" count="2"/>
        <line num="592" type="stmt" count="2"/>
        <line num="594" type="method" name="handleDouble8" crap="2" count="1"/>
        <line num="596" type="stmt" count="1"/>
        <line num="598" type="stmt" count="1"/>
        <line num="599" type="stmt" count="1"/>
        <line num="600" type="stmt" count="1"/>
        <line num="601" type="stmt" count="1"/>
        <line num="602" type="stmt" count="1"/>
        <line num="603" type="stmt" count="1"/>
        <line num="604" type="stmt" count="1"/>
        <line num="605" type="stmt" count="1"/>
        <line num="607" type="method" name="handleInt32" crap="2" count="14"/>
        <line num="609" type="stmt" count="14"/>
        <line num="611" type="stmt" count="14"/>
        <line num="612" type="stmt" count="14"/>
        <line num="613" type="stmt" count="14"/>
        <line num="614" type="stmt" count="14"/>
        <line num="616" type="method" name="handleInt64" crap="2" count="1"/>
        <line num="618" type="stmt" count="1"/>
        <line num="620" type="stmt" count="1"/>
        <line num="621" type="stmt" count="1"/>
        <line num="622" type="stmt" count="1"/>
        <line num="623" type="stmt" count="1"/>
        <line num="625" type="method" name="handleTimestampMilliseconds" crap="2" count="1"/>
        <line num="627" type="stmt" count="1"/>
        <line num="629" type="stmt" count="1"/>
        <line num="630" type="stmt" count="1"/>
        <line num="631" type="stmt" count="1"/>
        <line num="632" type="stmt" count="1"/>
        <line num="634" type="method" name="handleTimestampMinutes" crap="2" count="1"/>
        <line num="636" type="stmt" count="1"/>
        <line num="638" type="stmt" count="1"/>
        <line num="639" type="stmt" count="1"/>
        <line num="640" type="stmt" count="1"/>
        <line num="641" type="stmt" count="1"/>
        <line num="643" type="method" name="handleNextCollectionElement" crap="2" count="13"/>
        <line num="645" type="stmt" count="13"/>
        <line num="646" type="stmt" count="13"/>
        <line num="647" type="stmt" count="13"/>
        <line num="648" type="stmt" count="9"/>
        <line num="650" type="stmt" count="13"/>
        <line num="652" type="method" name="handleCollectionType" crap="4.94" count="12"/>
        <line num="654" type="stmt" count="12"/>
        <line num="655" type="stmt" count="12"/>
        <line num="656" type="stmt" count="0"/>
        <line num="657" type="stmt" count="0"/>
        <line num="660" type="stmt" count="0"/>
        <line num="663" type="method" name="state" crap="2" count="79"/>
        <line num="665" type="stmt" count="79"/>
        <line num="666" type="stmt" count="79"/>
        <line num="669" type="stmt" count="63"/>
        <line num="676" type="method" name="pushState" crap="2" count="63"/>
        <line num="678" type="stmt" count="63"/>
        <line num="680" type="stmt" count="63"/>
        <line num="681" type="stmt" count="63"/>
        <line num="682" type="stmt" count="63"/>
        <line num="683" type="stmt" count="63"/>
        <line num="684" type="stmt" count="63"/>
        <line num="685" type="stmt" count="63"/>
        <line num="687" type="stmt" count="63"/>
        <line num="689" type="stmt" count="63"/>
        <line num="690" type="stmt" count="24"/>
        <line num="691" type="stmt" count="24"/>
        <line num="693" type="stmt" count="24"/>
        <line num="694" type="stmt" count="24"/>
        <line num="696" type="stmt" count="63"/>
        <line num="697" type="stmt" count="63"/>
        <line num="699" type="method" name="setState" crap="1" count="11"/>
        <line num="701" type="stmt" count="11"/>
        <line num="703" type="stmt" count="11"/>
        <line num="704" type="stmt" count="11"/>
        <line num="706" type="method" name="popState" crap="2" count="63"/>
        <line num="708" type="stmt" count="63"/>
        <line num="710" type="stmt" count="63"/>
        <line num="712" type="stmt" count="63"/>
        <line num="713" type="stmt" count="63"/>
        <line num="714" type="stmt" count="63"/>
        <line num="715" type="stmt" count="19"/>
        <line num="718" type="stmt" count="63"/>
        <line num="719" type="stmt" count="63"/>
        <line num="721" type="method" name="popStateAndEmitValue" crap="1" count="63"/>
        <line num="723" type="stmt" count="63"/>
        <line num="724" type="stmt" count="63"/>
        <line num="725" type="stmt" count="63"/>
        <line num="727" type="method" name="popStateAndEmitBuffer" crap="1" count="18"/>
        <line num="729" type="stmt" count="18"/>
        <line num="730" type="stmt" count="18"/>
        <line num="732" type="method" name="appendStringData" crap="4" count="18"/>
        <line num="734" type="stmt" count="18"/>
        <line num="737" type="stmt" count="18"/>
        <line num="738" type="stmt" count="16"/>
        <line num="740" type="stmt" count="18"/>
        <line num="741" type="stmt" count="2"/>
        <line num="743" type="stmt" count="18"/>
        <line num="744" type="stmt" count="1"/>
        <line num="747" type="stmt" count="18"/>
        <line num="750" type="method" name="appendBinaryData" crap="2" count="4"/>
        <line num="752" type="stmt" count="4"/>
        <line num="754" type="stmt" count="4"/>
        <line num="755" type="stmt" count="4"/>
        <line num="758" type="stmt" count="4"/>
        <line num="761" type="method" name="appendInt16Data" crap="3" count="12"/>
        <line num="763" type="stmt" count="12"/>
        <line num="765" type="stmt" count="12"/>
        <line num="766" type="stmt" count="12"/>
        <line num="767" type="stmt" count="12"/>
        <line num="768" type="stmt" count="12"/>
        <line num="769" type="stmt" count="12"/>
        <line num="771" type="stmt" count="12"/>
        <line num="774" type="stmt" count="7"/>
        <line num="777" type="method" name="appendInt32Data" crap="2" count="15"/>
        <line num="779" type="stmt" count="15"/>
        <line num="781" type="stmt" count="15"/>
        <line num="782" type="stmt" count="15"/>
        <line num="783" type="stmt" count="15"/>
        <line num="784" type="stmt" count="15"/>
        <line num="785" type="stmt" count="15"/>
        <line num="787" type="stmt" count="15"/>
        <line num="790" type="stmt" count="9"/>
        <line num="793" type="method" name="appendInt64Data" crap="2" count="2"/>
        <line num="795" type="stmt" count="2"/>
        <line num="797" type="stmt" count="2"/>
        <line num="798" type="stmt" count="2"/>
        <line num="801" type="stmt" count="2"/>
        <line num="804" type="method" name="trace" crap="1" count="79"/>
        <line num="807" type="stmt" count="79"/>
        <line num="815" type="stmt" count="0"/>
        <metrics loc="814" ncloc="764" classes="1" methods="62" coveredmethods="57" conditionals="0" coveredconditionals="0" statements="457" coveredstatements="450" elements="519" coveredelements="507"/>
      </file>
      <file name="/home/travis/build/IcecaveLabs/flax/src/Icecave/Flax/Wire/ValueDecoderState.php">
        <class name="ValueDecoderState" namespace="Icecave\Flax\Wire">
          <metrics methods="0" coveredmethods="0" conditionals="0" coveredconditionals="0" statements="0" coveredstatements="0" elements="0" coveredelements="0"/>
        </class>
        <line num="48" type="stmt" count="0"/>
        <metrics loc="47" ncloc="47" classes="1" methods="0" coveredmethods="0" conditionals="0" coveredconditionals="0" statements="0" coveredstatements="0" elements="0" coveredelements="0"/>
      </file>
      <file name="/home/travis/build/IcecaveLabs/flax/src/Icecave/Flax/Wire/ValueEncoder.php">
        <class name="ValueEncoder" namespace="Icecave\Flax\Wire">
          <metrics methods="20" coveredmethods="20" conditionals="0" coveredconditionals="0" statements="175" coveredstatements="175" elements="195" coveredelements="195"/>
        </class>
        <line num="14" type="method" name="__construct" crap="1" count="61"/>
        <line num="16" type="stmt" count="61"/>
        <line num="18" type="stmt" count="61"/>
        <line num="19" type="stmt" count="61"/>
        <line num="20" type="stmt" count="61"/>
        <line num="22" type="method" name="reset" crap="1" count="1"/>
        <line num="24" type="stmt" count="1"/>
        <line num="26" type="stmt" count="1"/>
        <line num="27" type="stmt" count="1"/>
        <line num="28" type="stmt" count="1"/>
        <line num="36" type="method" name="encode" crap="8" count="52"/>
        <line num="38" type="stmt" count="52"/>
        <line num="40" type="stmt" count="52"/>
        <line num="43" type="stmt" count="52"/>
        <line num="44" type="stmt" count="20"/>
        <line num="45" type="stmt" count="40"/>
        <line num="46" type="stmt" count="2"/>
        <line num="47" type="stmt" count="38"/>
        <line num="48" type="stmt" count="8"/>
        <line num="49" type="stmt" count="30"/>
        <line num="50" type="stmt" count="12"/>
        <line num="51" type="stmt" count="18"/>
        <line num="52" type="stmt" count="4"/>
        <line num="53" type="stmt" count="14"/>
        <line num="54" type="stmt" count="12"/>
        <line num="55" type="stmt" count="2"/>
        <line num="56" type="stmt" count="1"/>
        <line num="59" type="stmt" count="1"/>
        <line num="67" type="method" name="encodeBinary" crap="5" count="7"/>
        <line num="69" type="stmt" count="7"/>
        <line num="71" type="stmt" count="7"/>
        <line num="73" type="stmt" count="7"/>
        <line num="74" type="stmt" count="2"/>
        <line num="75" type="stmt" count="5"/>
        <line num="76" type="stmt" count="1"/>
        <line num="77" type="stmt" count="1"/>
        <line num="78" type="stmt" count="1"/>
        <line num="80" type="stmt" count="1"/>
        <line num="83" type="stmt" count="4"/>
        <line num="86" type="stmt" count="4"/>
        <line num="87" type="stmt" count="1"/>
        <line num="88" type="stmt" count="1"/>
        <line num="89" type="stmt" count="1"/>
        <line num="90" type="stmt" count="4"/>
        <line num="91" type="stmt" count="4"/>
        <line num="94" type="stmt" count="4"/>
        <line num="95" type="stmt" count="4"/>
        <line num="97" type="stmt" count="4"/>
        <line num="98" type="stmt" count="4"/>
        <line num="100" type="stmt" count="4"/>
        <line num="102" type="stmt" count="4"/>
        <line num="110" type="method" name="encodeTimestamp" crap="2" count="6"/>
        <line num="112" type="stmt" count="6"/>
        <line num="114" type="stmt" count="6"/>
        <line num="115" type="stmt" count="3"/>
        <line num="117" type="stmt" count="3"/>
        <line num="118" type="stmt" count="3"/>
        <line num="119" type="stmt" count="3"/>
        <line num="121" type="stmt" count="3"/>
        <line num="130" type="method" name="encodeInteger" crap="8" count="22"/>
        <line num="133" type="stmt" count="22"/>
        <line num="134" type="stmt" count="14"/>
        <line num="137" type="stmt" count="8"/>
        <line num="138" type="stmt" count="3"/>
        <line num="139" type="stmt" count="3"/>
        <line num="140" type="stmt" count="3"/>
        <line num="142" type="stmt" count="3"/>
        <line num="145" type="stmt" count="5"/>
        <line num="146" type="stmt" count="3"/>
        <line num="147" type="stmt" count="3"/>
        <line num="148" type="stmt" count="3"/>
        <line num="149" type="stmt" count="3"/>
        <line num="151" type="stmt" count="3"/>
        <line num="154" type="stmt" count="2"/>
        <line num="155" type="stmt" count="1"/>
        <line num="158" type="stmt" count="1"/>
        <line num="166" type="method" name="encodeBoolean" crap="2" count="2"/>
        <line num="168" type="stmt" count="2"/>
        <line num="176" type="method" name="encodeString" crap="5" count="15"/>
        <line num="178" type="stmt" count="15"/>
        <line num="180" type="stmt" count="15"/>
        <line num="181" type="stmt" count="10"/>
        <line num="182" type="stmt" count="5"/>
        <line num="183" type="stmt" count="1"/>
        <line num="184" type="stmt" count="1"/>
        <line num="185" type="stmt" count="1"/>
        <line num="187" type="stmt" count="1"/>
        <line num="190" type="stmt" count="4"/>
        <line num="193" type="stmt" count="4"/>
        <line num="194" type="stmt" count="1"/>
        <line num="195" type="stmt" count="1"/>
        <line num="196" type="stmt" count="1"/>
        <line num="197" type="stmt" count="4"/>
        <line num="198" type="stmt" count="4"/>
        <line num="201" type="stmt" count="4"/>
        <line num="202" type="stmt" count="4"/>
        <line num="205" type="stmt" count="4"/>
        <line num="206" type="stmt" count="4"/>
        <line num="208" type="stmt" count="4"/>
        <line num="210" type="stmt" count="4"/>
        <line num="218" type="method" name="encodeDouble" crap="9" count="12"/>
        <line num="220" type="stmt" count="12"/>
        <line num="221" type="stmt" count="1"/>
        <line num="222" type="stmt" count="11"/>
        <line num="223" type="stmt" count="1"/>
        <line num="226" type="stmt" count="10"/>
        <line num="228" type="stmt" count="10"/>
        <line num="229" type="stmt" count="8"/>
        <line num="230" type="stmt" count="4"/>
        <line num="231" type="stmt" count="4"/>
        <line num="232" type="stmt" count="3"/>
        <line num="234" type="stmt" count="1"/>
        <line num="236" type="stmt" count="3"/>
        <line num="237" type="stmt" count="3"/>
        <line num="239" type="stmt" count="3"/>
        <line num="240" type="stmt" count="2"/>
        <line num="243" type="stmt" count="1"/>
        <line num="249" type="method" name="encodeNull" crap="1" count="1"/>
        <line num="251" type="stmt" count="1"/>
        <line num="259" type="method" name="encodeArray" crap="2" count="4"/>
        <line num="261" type="stmt" count="4"/>
        <line num="262" type="stmt" count="3"/>
        <line num="264" type="stmt" count="1"/>
        <line num="273" type="method" name="encodeVector" crap="4" count="3"/>
        <line num="275" type="stmt" count="3"/>
        <line num="277" type="stmt" count="3"/>
        <line num="278" type="stmt" count="1"/>
        <line num="279" type="stmt" count="3"/>
        <line num="280" type="stmt" count="1"/>
        <line num="281" type="stmt" count="1"/>
        <line num="282" type="stmt" count="1"/>
        <line num="285" type="stmt" count="3"/>
        <line num="286" type="stmt" count="2"/>
        <line num="287" type="stmt" count="3"/>
        <line num="289" type="stmt" count="3"/>
        <line num="297" type="method" name="encodeMap" crap="2" count="1"/>
        <line num="299" type="stmt" count="1"/>
        <line num="300" type="stmt" count="1"/>
        <line num="302" type="stmt" count="1"/>
        <line num="303" type="stmt" count="1"/>
        <line num="304" type="stmt" count="1"/>
        <line num="305" type="stmt" count="1"/>
        <line num="307" type="stmt" count="1"/>
        <line num="309" type="stmt" count="1"/>
        <line num="317" type="method" name="encodeObject" crap="5" count="12"/>
        <line num="319" type="stmt" count="12"/>
        <line num="320" type="stmt" count="2"/>
        <line num="321" type="stmt" count="10"/>
        <line num="322" type="stmt" count="2"/>
        <line num="323" type="stmt" count="8"/>
        <line num="324" type="stmt" count="1"/>
        <line num="327" type="stmt" count="7"/>
        <line num="328" type="stmt" count="7"/>
        <line num="329" type="stmt" count="1"/>
        <line num="332" type="stmt" count="7"/>
        <line num="340" type="method" name="encodeStdClass" crap="4" count="7"/>
        <line num="342" type="stmt" count="7"/>
        <line num="343" type="stmt" count="7"/>
        <line num="345" type="stmt" count="7"/>
        <line num="347" type="stmt" count="7"/>
        <line num="348" type="stmt" count="7"/>
        <line num="349" type="stmt" count="7"/>
        <line num="350" type="stmt" count="7"/>
        <line num="352" type="stmt" count="7"/>
        <line num="353" type="stmt" count="7"/>
        <line num="354" type="stmt" count="7"/>
        <line num="355" type="stmt" count="1"/>
        <line num="358" type="stmt" count="7"/>
        <line num="359" type="stmt" count="5"/>
        <line num="360" type="stmt" count="7"/>
        <line num="362" type="stmt" count="7"/>
        <line num="371" type="method" name="findReference" crap="2" count="7"/>
        <line num="373" type="stmt" count="7"/>
        <line num="374" type="stmt" count="7"/>
        <line num="376" type="stmt" count="7"/>
        <line num="379" type="stmt" count="1"/>
        <line num="387" type="method" name="encodeReference" crap="1" count="1"/>
        <line num="389" type="stmt" count="1"/>
        <line num="398" type="method" name="findClassDefinition" crap="2" count="7"/>
        <line num="400" type="stmt" count="7"/>
        <line num="402" type="stmt" count="7"/>
        <line num="403" type="stmt" count="7"/>
        <line num="405" type="stmt" count="7"/>
        <line num="408" type="stmt" count="2"/>
        <line num="417" type="method" name="encodeClassDefinition" crap="2" count="7"/>
        <line num="419" type="stmt" count="7"/>
        <line num="420" type="stmt" count="7"/>
        <line num="422" type="stmt" count="7"/>
        <line num="423" type="stmt" count="5"/>
        <line num="424" type="stmt" count="7"/>
        <line num="426" type="stmt" count="7"/>
        <line num="434" type="method" name="classDefinitionKey" crap="1" count="7"/>
        <line num="436" type="stmt" count="7"/>
        <line num="437" type="stmt" count="7"/>
        <line num="439" type="stmt" count="7"/>
        <line num="446" type="stmt" count="0"/>
        <metrics loc="445" ncloc="343" classes="1" methods="20" coveredmethods="20" conditionals="0" coveredconditionals="0" statements="175" coveredstatements="175" elements="195" coveredelements="195"/>
      </file>
    </package>
    <file name="/home/travis/build/IcecaveLabs/flax/src/Icecave/Flax/Wire/Reader.php">
      <line num="1" type="stmt" count="0"/>
      <metrics loc="1" ncloc="1" classes="0" methods="0" coveredmethods="0" conditionals="0" coveredconditionals="0" statements="1" coveredstatements="0" elements="1" coveredelements="0"/>
    </file>
    <metrics files="13" loc="1913" ncloc="1415" classes="11" methods="97" coveredmethods="84" conditionals="0" coveredconditionals="0" statements="711" coveredstatements="655" elements="808" coveredelements="739"/>
  </project>
</coverage>
