<?xml version="1.0" encoding="UTF-8"?>
<coverage generated="1380023074">
  <project timestamp="1380023074">
    <package name="Icecave\Flax\Exception">
      <file name="/home/travis/build/IcecaveLabs/flax/src/Icecave/Flax/Exception/AbstractHessianFaultException.php">
        <class name="AbstractHessianFaultException" namespace="Icecave\Flax\Exception">
          <metrics methods="2" coveredmethods="2" conditionals="0" coveredconditionals="0" statements="9" coveredstatements="9" elements="11" coveredelements="11"/>
        </class>
        <line num="14" type="method" name="__construct" crap="1" count="1"/>
        <line num="16" type="stmt" count="1"/>
        <line num="18" type="stmt" count="1"/>
        <line num="20" type="stmt" count="1"/>
        <line num="21" type="stmt" count="1"/>
        <line num="22" type="stmt" count="1"/>
        <line num="24" type="stmt" count="1"/>
        <line num="25" type="stmt" count="1"/>
        <line num="30" type="method" name="properties" crap="1" count="1"/>
        <line num="32" type="stmt" count="1"/>
        <line num="34" type="stmt" count="1"/>
        <line num="40" type="stmt" count="0"/>
        <metrics loc="39" ncloc="32" classes="1" methods="2" coveredmethods="2" conditionals="0" coveredconditionals="0" statements="9" coveredstatements="9" elements="11" coveredelements="11"/>
      </file>
      <file name="/home/travis/build/IcecaveLabs/flax/src/Icecave/Flax/Exception/DecodeException.php">
        <class name="DecodeException" namespace="Icecave\Flax\Exception">
          <metrics methods="1" coveredmethods="1" conditionals="0" coveredconditionals="0" statements="3" coveredstatements="3" elements="4" coveredelements="4"/>
        </class>
        <line num="16" type="method" name="__construct" crap="1" count="1"/>
        <line num="18" type="stmt" count="1"/>
        <line num="20" type="stmt" count="1"/>
        <line num="21" type="stmt" count="1"/>
        <line num="23" type="stmt" count="0"/>
        <metrics loc="22" ncloc="15" classes="1" methods="1" coveredmethods="1" conditionals="0" coveredconditionals="0" statements="3" coveredstatements="3" elements="4" coveredelements="4"/>
      </file>
      <file name="/home/travis/build/IcecaveLabs/flax/src/Icecave/Flax/Exception/EncodeException.php">
        <class name="EncodeException" namespace="Icecave\Flax\Exception">
          <metrics methods="1" coveredmethods="1" conditionals="0" coveredconditionals="0" statements="3" coveredstatements="3" elements="4" coveredelements="4"/>
        </class>
        <line num="16" type="method" name="__construct" crap="1" count="3"/>
        <line num="18" type="stmt" count="3"/>
        <line num="20" type="stmt" count="3"/>
        <line num="21" type="stmt" count="3"/>
        <line num="23" type="stmt" count="1"/>
        <metrics loc="22" ncloc="15" classes="1" methods="1" coveredmethods="1" conditionals="0" coveredconditionals="0" statements="3" coveredstatements="3" elements="4" coveredelements="4"/>
      </file>
      <file name="/home/travis/build/IcecaveLabs/flax/src/Icecave/Flax/Exception/NoSuchMethodException.php">
        <class name="NoSuchMethodException" namespace="Icecave\Flax\Exception">
          <metrics methods="0" coveredmethods="0" conditionals="0" coveredconditionals="0" statements="0" coveredstatements="0" elements="0" coveredelements="0"/>
        </class>
        <line num="7" type="stmt" count="0"/>
        <metrics loc="6" ncloc="6" classes="1" methods="0" coveredmethods="0" conditionals="0" coveredconditionals="0" statements="0" coveredstatements="0" elements="0" coveredelements="0"/>
      </file>
      <file name="/home/travis/build/IcecaveLabs/flax/src/Icecave/Flax/Exception/NoSuchObjectException.php">
        <class name="NoSuchObjectException" namespace="Icecave\Flax\Exception">
          <metrics methods="0" coveredmethods="0" conditionals="0" coveredconditionals="0" statements="0" coveredstatements="0" elements="0" coveredelements="0"/>
        </class>
        <line num="7" type="stmt" count="0"/>
        <metrics loc="6" ncloc="6" classes="1" methods="0" coveredmethods="0" conditionals="0" coveredconditionals="0" statements="0" coveredstatements="0" elements="0" coveredelements="0"/>
      </file>
      <file name="/home/travis/build/IcecaveLabs/flax/src/Icecave/Flax/Exception/ProtocolException.php">
        <class name="ProtocolException" namespace="Icecave\Flax\Exception">
          <metrics methods="0" coveredmethods="0" conditionals="0" coveredconditionals="0" statements="0" coveredstatements="0" elements="0" coveredelements="0"/>
        </class>
        <line num="7" type="stmt" count="0"/>
        <metrics loc="6" ncloc="6" classes="1" methods="0" coveredmethods="0" conditionals="0" coveredconditionals="0" statements="0" coveredstatements="0" elements="0" coveredelements="0"/>
      </file>
      <file name="/home/travis/build/IcecaveLabs/flax/src/Icecave/Flax/Exception/RequireHeaderException.php">
        <class name="RequireHeaderException" namespace="Icecave\Flax\Exception">
          <metrics methods="0" coveredmethods="0" conditionals="0" coveredconditionals="0" statements="0" coveredstatements="0" elements="0" coveredelements="0"/>
        </class>
        <line num="7" type="stmt" count="0"/>
        <metrics loc="6" ncloc="6" classes="1" methods="0" coveredmethods="0" conditionals="0" coveredconditionals="0" statements="0" coveredstatements="0" elements="0" coveredelements="0"/>
      </file>
      <file name="/home/travis/build/IcecaveLabs/flax/src/Icecave/Flax/Exception/ServiceException.php">
        <class name="ServiceException" namespace="Icecave\Flax\Exception">
          <metrics methods="0" coveredmethods="0" conditionals="0" coveredconditionals="0" statements="0" coveredstatements="0" elements="0" coveredelements="0"/>
        </class>
        <line num="7" type="stmt" count="0"/>
        <metrics loc="6" ncloc="6" classes="1" methods="0" coveredmethods="0" conditionals="0" coveredconditionals="0" statements="0" coveredstatements="0" elements="0" coveredelements="0"/>
      </file>
    </package>
    <package name="Icecave\Flax">
      <file name="/home/travis/build/IcecaveLabs/flax/src/Icecave/Flax/HessianClient.php">
        <class name="HessianClient" namespace="Icecave\Flax">
          <metrics methods="4" coveredmethods="4" conditionals="0" coveredconditionals="0" statements="48" coveredstatements="48" elements="52" coveredelements="52"/>
        </class>
        <line num="0" type="stmt" count="0"/>
        <line num="25" type="method" name="__construct" crap="4" count="10"/>
        <line num="31" type="stmt" count="10"/>
        <line num="33" type="stmt" count="10"/>
        <line num="34" type="stmt" count="1"/>
        <line num="35" type="stmt" count="1"/>
        <line num="37" type="stmt" count="10"/>
        <line num="38" type="stmt" count="1"/>
        <line num="39" type="stmt" count="1"/>
        <line num="41" type="stmt" count="10"/>
        <line num="42" type="stmt" count="1"/>
        <line num="43" type="stmt" count="1"/>
        <line num="45" type="stmt" count="10"/>
        <line num="46" type="stmt" count="10"/>
        <line num="47" type="stmt" count="10"/>
        <line num="48" type="stmt" count="10"/>
        <line num="49" type="stmt" count="10"/>
        <line num="57" type="method" name="__call" crap="1" count="1"/>
        <line num="59" type="stmt" count="1"/>
        <line num="61" type="stmt" count="1"/>
        <line num="73" type="method" name="invoke" crap="1" count="7"/>
        <line num="75" type="stmt" count="7"/>
        <line num="77" type="stmt" count="7"/>
        <line num="79" type="stmt" count="7"/>
        <line num="91" type="method" name="invokeArray" crap="8" count="9"/>
        <line num="93" type="stmt" count="9"/>
        <line num="95" type="stmt" count="9"/>
        <line num="96" type="stmt" count="9"/>
        <line num="98" type="stmt" count="9"/>
        <line num="99" type="stmt" count="9"/>
        <line num="100" type="stmt" count="9"/>
        <line num="101" type="stmt" count="9"/>
        <line num="103" type="stmt" count="9"/>
        <line num="104" type="stmt" count="9"/>
        <line num="105" type="stmt" count="9"/>
        <line num="106" type="stmt" count="9"/>
        <line num="107" type="stmt" count="9"/>
        <line num="109" type="stmt" count="9"/>
        <line num="111" type="stmt" count="9"/>
        <line num="112" type="stmt" count="3"/>
        <line num="115" type="stmt" count="6"/>
        <line num="116" type="stmt" count="6"/>
        <line num="117" type="stmt" count="1"/>
        <line num="118" type="stmt" count="5"/>
        <line num="119" type="stmt" count="1"/>
        <line num="120" type="stmt" count="4"/>
        <line num="121" type="stmt" count="1"/>
        <line num="122" type="stmt" count="3"/>
        <line num="123" type="stmt" count="1"/>
        <line num="124" type="stmt" count="2"/>
        <line num="125" type="stmt" count="1"/>
        <line num="126" type="stmt" count="1"/>
        <line num="128" type="stmt" count="1"/>
        <line num="137" type="stmt" count="0"/>
        <metrics loc="136" ncloc="106" classes="1" methods="4" coveredmethods="4" conditionals="0" coveredconditionals="0" statements="48" coveredstatements="48" elements="52" coveredelements="52"/>
      </file>
      <file name="/home/travis/build/IcecaveLabs/flax/src/Icecave/Flax/HessianClientFactory.php">
        <class name="HessianClientFactory" namespace="Icecave\Flax">
          <metrics methods="1" coveredmethods="0" conditionals="0" coveredconditionals="0" statements="9" coveredstatements="0" elements="10" coveredelements="0"/>
        </class>
        <line num="12" type="method" name="create" crap="2" count="0"/>
        <line num="14" type="stmt" count="0"/>
        <line num="16" type="stmt" count="0"/>
        <line num="17" type="stmt" count="0"/>
        <line num="18" type="stmt" count="0"/>
        <line num="19" type="stmt" count="0"/>
        <line num="21" type="stmt" count="0"/>
        <line num="22" type="stmt" count="0"/>
        <line num="24" type="stmt" count="0"/>
        <line num="26" type="stmt" count="0"/>
        <line num="29" type="stmt" count="0"/>
        <metrics loc="28" ncloc="25" classes="1" methods="1" coveredmethods="0" conditionals="0" coveredconditionals="0" statements="9" coveredstatements="0" elements="10" coveredelements="0"/>
      </file>
      <file name="/home/travis/build/IcecaveLabs/flax/src/Icecave/Flax/PackageInfo.php">
        <class name="PackageInfo" namespace="Icecave\Flax">
          <metrics methods="0" coveredmethods="0" conditionals="0" coveredconditionals="0" statements="0" coveredstatements="0" elements="0" coveredelements="0"/>
        </class>
        <metrics loc="7" ncloc="7" classes="1" methods="0" coveredmethods="0" conditionals="0" coveredconditionals="0" statements="0" coveredstatements="0" elements="0" coveredelements="0"/>
      </file>
    </package>
    <file name="/home/travis/build/IcecaveLabs/flax/src/Icecave/Flax/HessianClientInterface.php">
      <line num="36" type="stmt" count="0"/>
      <metrics loc="35" ncloc="11" classes="0" methods="0" coveredmethods="0" conditionals="0" coveredconditionals="0" statements="0" coveredstatements="0" elements="0" coveredelements="0"/>
    </file>
    <package name="Icecave\Flax\Message">
      <file name="/home/travis/build/IcecaveLabs/flax/src/Icecave/Flax/Message/Decoder.php">
        <class name="Decoder" namespace="Icecave\Flax\Message">
          <metrics methods="9" coveredmethods="0" conditionals="0" coveredconditionals="0" statements="64" coveredstatements="0" elements="73" coveredelements="0"/>
        </class>
        <line num="0" type="stmt" count="0"/>
        <line num="13" type="method" name="__construct" crap="2" count="0"/>
        <line num="15" type="stmt" count="0"/>
        <line num="17" type="stmt" count="0"/>
        <line num="19" type="stmt" count="0"/>
        <line num="20" type="stmt" count="0"/>
        <line num="27" type="method" name="reset" crap="2" count="0"/>
        <line num="29" type="stmt" count="0"/>
        <line num="31" type="stmt" count="0"/>
        <line num="32" type="stmt" count="0"/>
        <line num="33" type="stmt" count="0"/>
        <line num="34" type="stmt" count="0"/>
        <line num="35" type="stmt" count="0"/>
        <line num="44" type="method" name="feed" crap="6" count="0"/>
        <line num="46" type="stmt" count="0"/>
        <line num="48" type="stmt" count="0"/>
        <line num="50" type="stmt" count="0"/>
        <line num="51" type="stmt" count="0"/>
        <line num="52" type="stmt" count="0"/>
        <line num="53" type="stmt" count="0"/>
        <line num="54" type="stmt" count="0"/>
        <line num="63" type="method" name="tryFinalize" crap="6" count="0"/>
        <line num="65" type="stmt" count="0"/>
        <line num="67" type="stmt" count="0"/>
        <line num="68" type="stmt" count="0"/>
        <line num="71" type="stmt" count="0"/>
        <line num="72" type="stmt" count="0"/>
        <line num="74" type="stmt" count="0"/>
        <line num="83" type="method" name="finalize" crap="6" count="0"/>
        <line num="85" type="stmt" count="0"/>
        <line num="87" type="stmt" count="0"/>
        <line num="88" type="stmt" count="0"/>
        <line num="91" type="stmt" count="0"/>
        <line num="104" type="method" name="feedByte" crap="42" count="0"/>
        <line num="106" type="stmt" count="0"/>
        <line num="107" type="stmt" count="0"/>
        <line num="108" type="stmt" count="0"/>
        <line num="109" type="stmt" count="0"/>
        <line num="110" type="stmt" count="0"/>
        <line num="111" type="stmt" count="0"/>
        <line num="112" type="stmt" count="0"/>
        <line num="113" type="stmt" count="0"/>
        <line num="114" type="stmt" count="0"/>
        <line num="115" type="stmt" count="0"/>
        <line num="117" type="stmt" count="0"/>
        <line num="118" type="stmt" count="0"/>
        <line num="121" type="stmt" count="0"/>
        <line num="122" type="stmt" count="0"/>
        <line num="129" type="method" name="handleVersion" crap="12" count="0"/>
        <line num="131" type="stmt" count="0"/>
        <line num="133" type="stmt" count="0"/>
        <line num="134" type="stmt" count="0"/>
        <line num="135" type="stmt" count="0"/>
        <line num="136" type="stmt" count="0"/>
        <line num="137" type="stmt" count="0"/>
        <line num="138" type="stmt" count="0"/>
        <line num="139" type="stmt" count="0"/>
        <line num="141" type="stmt" count="0"/>
        <line num="148" type="method" name="handleMessageType" crap="12" count="0"/>
        <line num="150" type="stmt" count="0"/>
        <line num="151" type="stmt" count="0"/>
        <line num="152" type="stmt" count="0"/>
        <line num="153" type="stmt" count="0"/>
        <line num="154" type="stmt" count="0"/>
        <line num="155" type="stmt" count="0"/>
        <line num="157" type="stmt" count="0"/>
        <line num="164" type="method" name="handleValue" crap="6" count="0"/>
        <line num="166" type="stmt" count="0"/>
        <line num="168" type="stmt" count="0"/>
        <line num="169" type="stmt" count="0"/>
        <line num="170" type="stmt" count="0"/>
        <line num="171" type="stmt" count="0"/>
        <line num="172" type="stmt" count="0"/>
        <line num="173" type="stmt" count="0"/>
        <line num="181" type="stmt" count="0"/>
        <metrics loc="180" ncloc="127" classes="1" methods="9" coveredmethods="0" conditionals="0" coveredconditionals="0" statements="64" coveredstatements="0" elements="73" coveredelements="0"/>
      </file>
      <file name="/home/travis/build/IcecaveLabs/flax/src/Icecave/Flax/Message/DecoderState.php">
        <class name="DecoderState" namespace="Icecave\Flax\Message">
          <metrics methods="0" coveredmethods="0" conditionals="0" coveredconditionals="0" statements="0" coveredstatements="0" elements="0" coveredelements="0"/>
        </class>
        <line num="15" type="stmt" count="0"/>
        <metrics loc="14" ncloc="14" classes="1" methods="0" coveredmethods="0" conditionals="0" coveredconditionals="0" statements="0" coveredstatements="0" elements="0" coveredelements="0"/>
      </file>
      <file name="/home/travis/build/IcecaveLabs/flax/src/Icecave/Flax/Message/Encoder.php">
        <class name="Encoder" namespace="Icecave\Flax\Message">
          <metrics methods="4" coveredmethods="4" conditionals="0" coveredconditionals="0" statements="16" coveredstatements="16" elements="20" coveredelements="20"/>
        </class>
        <line num="9" type="method" name="__construct" crap="1" count="3"/>
        <line num="11" type="stmt" count="3"/>
        <line num="13" type="stmt" count="3"/>
        <line num="14" type="stmt" count="3"/>
        <line num="16" type="method" name="reset" crap="1" count="1"/>
        <line num="18" type="stmt" count="1"/>
        <line num="20" type="stmt" count="1"/>
        <line num="21" type="stmt" count="1"/>
        <line num="26" type="method" name="encodeVersion" crap="1" count="1"/>
        <line num="28" type="stmt" count="1"/>
        <line num="30" type="stmt" count="1"/>
        <line num="39" type="method" name="encodeCall" crap="2" count="2"/>
        <line num="41" type="stmt" count="2"/>
        <line num="43" type="stmt" count="2"/>
        <line num="44" type="stmt" count="2"/>
        <line num="45" type="stmt" count="2"/>
        <line num="47" type="stmt" count="2"/>
        <line num="48" type="stmt" count="2"/>
        <line num="49" type="stmt" count="2"/>
        <line num="51" type="stmt" count="2"/>
        <line num="57" type="stmt" count="0"/>
        <metrics loc="56" ncloc="47" classes="1" methods="4" coveredmethods="4" conditionals="0" coveredconditionals="0" statements="16" coveredstatements="16" elements="20" coveredelements="20"/>
      </file>
      <file name="/home/travis/build/IcecaveLabs/flax/src/Icecave/Flax/Message/HessianConstants.php">
        <class name="HessianConstants" namespace="Icecave\Flax\Message">
          <metrics methods="0" coveredmethods="0" conditionals="0" coveredconditionals="0" statements="0" coveredstatements="0" elements="0" coveredelements="0"/>
        </class>
        <line num="17" type="stmt" count="0"/>
        <metrics loc="16" ncloc="16" classes="1" methods="0" coveredmethods="0" conditionals="0" coveredconditionals="0" statements="0" coveredstatements="0" elements="0" coveredelements="0"/>
      </file>
    </package>
    <package name="Icecave\Flax\Serialization">
      <file name="/home/travis/build/IcecaveLabs/flax/src/Icecave/Flax/Serialization/Decoder.php">
        <class name="Decoder" namespace="Icecave\Flax\Serialization">
          <metrics methods="78" coveredmethods="78" conditionals="0" coveredconditionals="0" statements="548" coveredstatements="548" elements="626" coveredelements="626"/>
        </class>
        <line num="0" type="stmt" count="0"/>
        <line num="17" type="method" name="__construct" crap="1" count="104"/>
        <line num="19" type="stmt" count="104"/>
        <line num="21" type="stmt" count="104"/>
        <line num="22" type="stmt" count="104"/>
        <line num="23" type="stmt" count="104"/>
        <line num="25" type="stmt" count="104"/>
        <line num="26" type="stmt" count="104"/>
        <line num="33" type="method" name="reset" crap="1" count="104"/>
        <line num="35" type="stmt" count="104"/>
        <line num="37" type="stmt" count="104"/>
        <line num="38" type="stmt" count="104"/>
        <line num="39" type="stmt" count="104"/>
        <line num="40" type="stmt" count="104"/>
        <line num="41" type="stmt" count="104"/>
        <line num="43" type="stmt" count="104"/>
        <line num="44" type="stmt" count="104"/>
        <line num="53" type="method" name="feed" crap="2" count="104"/>
        <line num="55" type="stmt" count="104"/>
        <line num="57" type="stmt" count="104"/>
        <line num="59" type="stmt" count="104"/>
        <line num="60" type="stmt" count="104"/>
        <line num="61" type="stmt" count="104"/>
        <line num="62" type="stmt" count="103"/>
        <line num="63" type="stmt" count="94"/>
        <line num="72" type="method" name="tryFinalize" crap="2" count="93"/>
        <line num="74" type="stmt" count="93"/>
        <line num="76" type="stmt" count="93"/>
        <line num="77" type="stmt" count="3"/>
        <line num="80" type="stmt" count="90"/>
        <line num="81" type="stmt" count="90"/>
        <line num="83" type="stmt" count="90"/>
        <line num="92" type="method" name="finalize" crap="2" count="90"/>
        <line num="94" type="stmt" count="90"/>
        <line num="96" type="stmt" count="90"/>
        <line num="97" type="stmt" count="89"/>
        <line num="100" type="stmt" count="1"/>
        <line num="113" type="method" name="feedByte" crap="34" count="104"/>
        <line num="115" type="stmt" count="104"/>
        <line num="116" type="stmt" count="104"/>
        <line num="117" type="stmt" count="3"/>
        <line num="118" type="stmt" count="104"/>
        <line num="119" type="stmt" count="25"/>
        <line num="120" type="stmt" count="104"/>
        <line num="121" type="stmt" count="2"/>
        <line num="122" type="stmt" count="104"/>
        <line num="123" type="stmt" count="2"/>
        <line num="124" type="stmt" count="104"/>
        <line num="125" type="stmt" count="3"/>
        <line num="126" type="stmt" count="104"/>
        <line num="127" type="stmt" count="2"/>
        <line num="128" type="stmt" count="104"/>
        <line num="129" type="stmt" count="2"/>
        <line num="130" type="stmt" count="104"/>
        <line num="131" type="stmt" count="2"/>
        <line num="132" type="stmt" count="104"/>
        <line num="133" type="stmt" count="2"/>
        <line num="134" type="stmt" count="104"/>
        <line num="135" type="stmt" count="2"/>
        <line num="136" type="stmt" count="104"/>
        <line num="137" type="stmt" count="2"/>
        <line num="138" type="stmt" count="104"/>
        <line num="139" type="stmt" count="3"/>
        <line num="140" type="stmt" count="104"/>
        <line num="141" type="stmt" count="2"/>
        <line num="142" type="stmt" count="104"/>
        <line num="143" type="stmt" count="2"/>
        <line num="144" type="stmt" count="104"/>
        <line num="145" type="stmt" count="14"/>
        <line num="146" type="stmt" count="104"/>
        <line num="147" type="stmt" count="1"/>
        <line num="148" type="stmt" count="104"/>
        <line num="149" type="stmt" count="4"/>
        <line num="150" type="stmt" count="104"/>
        <line num="151" type="stmt" count="3"/>
        <line num="152" type="stmt" count="104"/>
        <line num="153" type="stmt" count="2"/>
        <line num="154" type="stmt" count="104"/>
        <line num="155" type="stmt" count="1"/>
        <line num="156" type="stmt" count="104"/>
        <line num="157" type="stmt" count="1"/>
        <line num="158" type="stmt" count="104"/>
        <line num="159" type="stmt" count="1"/>
        <line num="160" type="stmt" count="104"/>
        <line num="161" type="stmt" count="15"/>
        <line num="162" type="stmt" count="104"/>
        <line num="163" type="stmt" count="104"/>
        <line num="164" type="stmt" count="15"/>
        <line num="165" type="stmt" count="104"/>
        <line num="166" type="stmt" count="104"/>
        <line num="167" type="stmt" count="104"/>
        <line num="168" type="stmt" count="104"/>
        <line num="169" type="stmt" count="19"/>
        <line num="170" type="stmt" count="104"/>
        <line num="171" type="stmt" count="104"/>
        <line num="172" type="stmt" count="10"/>
        <line num="173" type="stmt" count="104"/>
        <line num="174" type="stmt" count="1"/>
        <line num="175" type="stmt" count="104"/>
        <line num="177" type="stmt" count="104"/>
        <line num="178" type="stmt" count="1"/>
        <line num="180" type="stmt" count="103"/>
        <line num="192" type="method" name="emitValue" crap="13" count="94"/>
        <line num="194" type="stmt" count="94"/>
        <line num="195" type="stmt" count="94"/>
        <line num="196" type="stmt" count="14"/>
        <line num="197" type="stmt" count="94"/>
        <line num="198" type="stmt" count="6"/>
        <line num="199" type="stmt" count="94"/>
        <line num="200" type="stmt" count="6"/>
        <line num="201" type="stmt" count="94"/>
        <line num="202" type="stmt" count="8"/>
        <line num="203" type="stmt" count="94"/>
        <line num="204" type="stmt" count="5"/>
        <line num="205" type="stmt" count="94"/>
        <line num="206" type="stmt" count="5"/>
        <line num="207" type="stmt" count="94"/>
        <line num="208" type="stmt" count="9"/>
        <line num="209" type="stmt" count="93"/>
        <line num="210" type="stmt" count="8"/>
        <line num="211" type="stmt" count="91"/>
        <line num="212" type="stmt" count="4"/>
        <line num="213" type="stmt" count="91"/>
        <line num="214" type="stmt" count="3"/>
        <line num="215" type="stmt" count="91"/>
        <line num="216" type="stmt" count="4"/>
        <line num="217" type="stmt" count="91"/>
        <line num="218" type="stmt" count="1"/>
        <line num="219" type="stmt" count="91"/>
        <line num="221" type="stmt" count="91"/>
        <line num="222" type="stmt" count="91"/>
        <line num="223" type="stmt" count="91"/>
        <line num="232" type="method" name="emitCollectionType" crap="2" count="14"/>
        <line num="234" type="stmt" count="14"/>
        <line num="236" type="stmt" count="14"/>
        <line num="237" type="stmt" count="1"/>
        <line num="238" type="stmt" count="1"/>
        <line num="239" type="stmt" count="14"/>
        <line num="246" type="method" name="emitVectorElement" crap="1" count="6"/>
        <line num="248" type="stmt" count="6"/>
        <line num="249" type="stmt" count="6"/>
        <line num="256" type="method" name="emitFixedVectorSize" crap="2" count="6"/>
        <line num="258" type="stmt" count="6"/>
        <line num="260" type="stmt" count="6"/>
        <line num="261" type="stmt" count="2"/>
        <line num="262" type="stmt" count="2"/>
        <line num="263" type="stmt" count="4"/>
        <line num="265" type="stmt" count="6"/>
        <line num="272" type="method" name="emitFixedVectorElement" crap="2" count="8"/>
        <line num="274" type="stmt" count="8"/>
        <line num="276" type="stmt" count="8"/>
        <line num="277" type="stmt" count="8"/>
        <line num="278" type="stmt" count="8"/>
        <line num="279" type="stmt" count="8"/>
        <line num="286" type="method" name="emitMapKey" crap="1" count="5"/>
        <line num="288" type="stmt" count="5"/>
        <line num="289" type="stmt" count="5"/>
        <line num="290" type="stmt" count="5"/>
        <line num="297" type="method" name="emitMapValue" crap="1" count="5"/>
        <line num="299" type="stmt" count="5"/>
        <line num="300" type="stmt" count="5"/>
        <line num="302" type="stmt" count="5"/>
        <line num="304" type="stmt" count="5"/>
        <line num="305" type="stmt" count="5"/>
        <line num="306" type="stmt" count="5"/>
        <line num="313" type="method" name="emitClassDefinitionName" crap="1" count="9"/>
        <line num="315" type="stmt" count="9"/>
        <line num="316" type="stmt" count="9"/>
        <line num="317" type="stmt" count="9"/>
        <line num="324" type="method" name="emitClassDefinitionSize" crap="2" count="8"/>
        <line num="326" type="stmt" count="8"/>
        <line num="328" type="stmt" count="8"/>
        <line num="329" type="stmt" count="5"/>
        <line num="330" type="stmt" count="5"/>
        <line num="331" type="stmt" count="5"/>
        <line num="333" type="stmt" count="8"/>
        <line num="340" type="method" name="emitClassDefinitionField" crap="2" count="4"/>
        <line num="342" type="stmt" count="4"/>
        <line num="344" type="stmt" count="4"/>
        <line num="346" type="stmt" count="4"/>
        <line num="347" type="stmt" count="4"/>
        <line num="348" type="stmt" count="4"/>
        <line num="349" type="stmt" count="4"/>
        <line num="356" type="method" name="emitObjectInstanceType" crap="1" count="3"/>
        <line num="358" type="stmt" count="3"/>
        <line num="359" type="stmt" count="3"/>
        <line num="360" type="stmt" count="3"/>
        <line num="367" type="method" name="emitObjectInstanceField" crap="2" count="4"/>
        <line num="369" type="stmt" count="4"/>
        <line num="370" type="stmt" count="4"/>
        <line num="371" type="stmt" count="4"/>
        <line num="373" type="stmt" count="4"/>
        <line num="374" type="stmt" count="4"/>
        <line num="375" type="stmt" count="4"/>
        <line num="376" type="stmt" count="4"/>
        <line num="383" type="method" name="emitReference" crap="1" count="1"/>
        <line num="385" type="stmt" count="1"/>
        <line num="386" type="stmt" count="1"/>
        <line num="387" type="stmt" count="1"/>
        <line num="388" type="stmt" count="1"/>
        <line num="393" type="method" name="startCompactString" crap="2" count="24"/>
        <line num="395" type="stmt" count="24"/>
        <line num="396" type="stmt" count="1"/>
        <line num="397" type="stmt" count="1"/>
        <line num="398" type="stmt" count="23"/>
        <line num="399" type="stmt" count="23"/>
        <line num="401" type="stmt" count="24"/>
        <line num="406" type="method" name="startString" crap="1" count="3"/>
        <line num="408" type="stmt" count="3"/>
        <line num="409" type="stmt" count="3"/>
        <line num="410" type="stmt" count="3"/>
        <line num="415" type="method" name="startCompactBinary" crap="2" count="2"/>
        <line num="417" type="stmt" count="2"/>
        <line num="418" type="stmt" count="1"/>
        <line num="419" type="stmt" count="1"/>
        <line num="420" type="stmt" count="1"/>
        <line num="421" type="stmt" count="1"/>
        <line num="423" type="stmt" count="2"/>
        <line num="428" type="method" name="startBinary" crap="1" count="2"/>
        <line num="430" type="stmt" count="2"/>
        <line num="431" type="stmt" count="2"/>
        <line num="432" type="stmt" count="2"/>
        <line num="437" type="method" name="startInt32Compact2" crap="1" count="3"/>
        <line num="439" type="stmt" count="3"/>
        <line num="440" type="stmt" count="3"/>
        <line num="441" type="stmt" count="3"/>
        <line num="442" type="stmt" count="3"/>
        <line num="447" type="method" name="startInt32Compact3" crap="1" count="3"/>
        <line num="449" type="stmt" count="3"/>
        <line num="450" type="stmt" count="3"/>
        <line num="451" type="stmt" count="3"/>
        <line num="452" type="stmt" count="3"/>
        <line num="457" type="method" name="startInt64Compact2" crap="1" count="3"/>
        <line num="459" type="stmt" count="3"/>
        <line num="460" type="stmt" count="3"/>
        <line num="461" type="stmt" count="3"/>
        <line num="462" type="stmt" count="3"/>
        <line num="467" type="method" name="startInt64Compact3" crap="1" count="3"/>
        <line num="469" type="stmt" count="3"/>
        <line num="470" type="stmt" count="3"/>
        <line num="471" type="stmt" count="3"/>
        <line num="472" type="stmt" count="3"/>
        <line num="474" type="method" name="startFixedLengthVector" crap="1" count="4"/>
        <line num="476" type="stmt" count="4"/>
        <line num="477" type="stmt" count="4"/>
        <line num="478" type="stmt" count="4"/>
        <line num="480" type="method" name="startTypedVector" crap="1" count="5"/>
        <line num="482" type="stmt" count="5"/>
        <line num="483" type="stmt" count="5"/>
        <line num="484" type="stmt" count="5"/>
        <line num="486" type="method" name="startTypedFixedLengthVector" crap="1" count="3"/>
        <line num="488" type="stmt" count="3"/>
        <line num="489" type="stmt" count="3"/>
        <line num="490" type="stmt" count="3"/>
        <line num="491" type="stmt" count="3"/>
        <line num="496" type="method" name="startCompactTypedFixedLengthVector" crap="1" count="3"/>
        <line num="498" type="stmt" count="3"/>
        <line num="499" type="stmt" count="3"/>
        <line num="501" type="stmt" count="3"/>
        <line num="502" type="stmt" count="3"/>
        <line num="507" type="method" name="startCompactFixedLengthVector" crap="2" count="3"/>
        <line num="509" type="stmt" count="3"/>
        <line num="510" type="stmt" count="1"/>
        <line num="511" type="stmt" count="1"/>
        <line num="512" type="stmt" count="2"/>
        <line num="513" type="stmt" count="2"/>
        <line num="515" type="stmt" count="3"/>
        <line num="517" type="method" name="startTypedMap" crap="1" count="4"/>
        <line num="519" type="stmt" count="4"/>
        <line num="520" type="stmt" count="4"/>
        <line num="521" type="stmt" count="4"/>
        <line num="523" type="method" name="startClassDefinition" crap="1" count="12"/>
        <line num="525" type="stmt" count="12"/>
        <line num="527" type="stmt" count="12"/>
        <line num="528" type="stmt" count="12"/>
        <line num="529" type="stmt" count="12"/>
        <line num="531" type="stmt" count="12"/>
        <line num="533" type="stmt" count="12"/>
        <line num="534" type="stmt" count="12"/>
        <line num="539" type="method" name="startObjectInstance" crap="2" count="6"/>
        <line num="541" type="stmt" count="6"/>
        <line num="543" type="stmt" count="6"/>
        <line num="544" type="stmt" count="4"/>
        <line num="545" type="stmt" count="4"/>
        <line num="546" type="stmt" count="4"/>
        <line num="547" type="stmt" count="4"/>
        <line num="548" type="stmt" count="4"/>
        <line num="550" type="stmt" count="6"/>
        <line num="555" type="method" name="startCompactObjectInstance" crap="1" count="3"/>
        <line num="557" type="stmt" count="3"/>
        <line num="558" type="stmt" count="3"/>
        <line num="567" type="method" name="handleBegin" crap="10" count="104"/>
        <line num="569" type="stmt" count="104"/>
        <line num="570" type="stmt" count="101"/>
        <line num="571" type="stmt" count="101"/>
        <line num="572" type="stmt" count="88"/>
        <line num="573" type="stmt" count="76"/>
        <line num="574" type="stmt" count="64"/>
        <line num="575" type="stmt" count="54"/>
        <line num="576" type="stmt" count="46"/>
        <line num="577" type="stmt" count="44"/>
        <line num="578" type="stmt" count="23"/>
        <line num="579" type="stmt" count="104"/>
        <line num="589" type="method" name="handleBeginScalar" crap="4" count="104"/>
        <line num="591" type="stmt" count="104"/>
        <line num="592" type="stmt" count="1"/>
        <line num="593" type="stmt" count="104"/>
        <line num="594" type="stmt" count="1"/>
        <line num="595" type="stmt" count="103"/>
        <line num="596" type="stmt" count="1"/>
        <line num="597" type="stmt" count="1"/>
        <line num="598" type="stmt" count="101"/>
        <line num="601" type="stmt" count="3"/>
        <line num="611" type="method" name="handleBeginString" crap="7" count="64"/>
        <line num="613" type="stmt" count="64"/>
        <line num="614" type="stmt" count="2"/>
        <line num="615" type="stmt" count="64"/>
        <line num="616" type="stmt" count="2"/>
        <line num="617" type="stmt" count="62"/>
        <line num="618" type="stmt" count="24"/>
        <line num="619" type="stmt" count="60"/>
        <line num="620" type="stmt" count="3"/>
        <line num="621" type="stmt" count="3"/>
        <line num="622" type="stmt" count="54"/>
        <line num="625" type="stmt" count="31"/>
        <line num="635" type="method" name="handleBeginStringStrict" crap="2" count="10"/>
        <line num="637" type="stmt" count="10"/>
        <line num="638" type="stmt" count="2"/>
        <line num="640" type="stmt" count="9"/>
        <line num="649" type="method" name="handleBeginBinary" crap="7" count="54"/>
        <line num="651" type="stmt" count="54"/>
        <line num="652" type="stmt" count="2"/>
        <line num="653" type="stmt" count="54"/>
        <line num="654" type="stmt" count="2"/>
        <line num="655" type="stmt" count="52"/>
        <line num="656" type="stmt" count="2"/>
        <line num="657" type="stmt" count="50"/>
        <line num="658" type="stmt" count="2"/>
        <line num="659" type="stmt" count="2"/>
        <line num="660" type="stmt" count="46"/>
        <line num="663" type="stmt" count="8"/>
        <line num="673" type="method" name="handleBeginInt32" crap="8" count="101"/>
        <line num="675" type="stmt" count="101"/>
        <line num="676" type="stmt" count="1"/>
        <line num="677" type="stmt" count="101"/>
        <line num="678" type="stmt" count="35"/>
        <line num="679" type="stmt" count="100"/>
        <line num="680" type="stmt" count="3"/>
        <line num="681" type="stmt" count="94"/>
        <line num="682" type="stmt" count="3"/>
        <line num="683" type="stmt" count="3"/>
        <line num="684" type="stmt" count="88"/>
        <line num="687" type="stmt" count="42"/>
        <line num="697" type="method" name="handleBeginInt32Strict" crap="2" count="19"/>
        <line num="699" type="stmt" count="19"/>
        <line num="700" type="stmt" count="4"/>
        <line num="702" type="stmt" count="15"/>
        <line num="711" type="method" name="handleBeginInt64" crap="9" count="88"/>
        <line num="713" type="stmt" count="88"/>
        <line num="714" type="stmt" count="1"/>
        <line num="715" type="stmt" count="88"/>
        <line num="716" type="stmt" count="1"/>
        <line num="717" type="stmt" count="87"/>
        <line num="718" type="stmt" count="4"/>
        <line num="719" type="stmt" count="86"/>
        <line num="720" type="stmt" count="3"/>
        <line num="721" type="stmt" count="82"/>
        <line num="722" type="stmt" count="3"/>
        <line num="723" type="stmt" count="3"/>
        <line num="724" type="stmt" count="76"/>
        <line num="727" type="stmt" count="12"/>
        <line num="737" type="method" name="handleBeginDouble" crap="7" count="76"/>
        <line num="739" type="stmt" count="76"/>
        <line num="740" type="stmt" count="1"/>
        <line num="741" type="stmt" count="76"/>
        <line num="742" type="stmt" count="1"/>
        <line num="743" type="stmt" count="75"/>
        <line num="744" type="stmt" count="4"/>
        <line num="745" type="stmt" count="74"/>
        <line num="746" type="stmt" count="3"/>
        <line num="747" type="stmt" count="70"/>
        <line num="748" type="stmt" count="2"/>
        <line num="749" type="stmt" count="67"/>
        <line num="750" type="stmt" count="1"/>
        <line num="751" type="stmt" count="1"/>
        <line num="752" type="stmt" count="64"/>
        <line num="755" type="stmt" count="12"/>
        <line num="765" type="method" name="handleBeginTimestamp" crap="3" count="46"/>
        <line num="767" type="stmt" count="46"/>
        <line num="768" type="stmt" count="1"/>
        <line num="769" type="stmt" count="46"/>
        <line num="770" type="stmt" count="1"/>
        <line num="771" type="stmt" count="1"/>
        <line num="772" type="stmt" count="44"/>
        <line num="775" type="stmt" count="2"/>
        <line num="785" type="method" name="handleBeginVector" crap="9" count="44"/>
        <line num="787" type="stmt" count="44"/>
        <line num="788" type="stmt" count="5"/>
        <line num="789" type="stmt" count="44"/>
        <line num="790" type="stmt" count="3"/>
        <line num="791" type="stmt" count="39"/>
        <line num="792" type="stmt" count="4"/>
        <line num="793" type="stmt" count="36"/>
        <line num="794" type="stmt" count="4"/>
        <line num="795" type="stmt" count="33"/>
        <line num="796" type="stmt" count="3"/>
        <line num="797" type="stmt" count="29"/>
        <line num="798" type="stmt" count="3"/>
        <line num="799" type="stmt" count="3"/>
        <line num="800" type="stmt" count="23"/>
        <line num="803" type="stmt" count="22"/>
        <line num="813" type="method" name="handleBeginMap" crap="3" count="23"/>
        <line num="815" type="stmt" count="23"/>
        <line num="816" type="stmt" count="4"/>
        <line num="817" type="stmt" count="23"/>
        <line num="818" type="stmt" count="4"/>
        <line num="819" type="stmt" count="4"/>
        <line num="820" type="stmt" count="16"/>
        <line num="823" type="stmt" count="8"/>
        <line num="833" type="method" name="handleBeginObject" crap="6" count="16"/>
        <line num="835" type="stmt" count="16"/>
        <line num="836" type="stmt" count="4"/>
        <line num="837" type="stmt" count="16"/>
        <line num="838" type="stmt" count="12"/>
        <line num="839" type="stmt" count="15"/>
        <line num="840" type="stmt" count="2"/>
        <line num="841" type="stmt" count="6"/>
        <line num="842" type="stmt" count="3"/>
        <line num="843" type="stmt" count="3"/>
        <line num="844" type="stmt" count="1"/>
        <line num="847" type="stmt" count="15"/>
        <line num="856" type="method" name="handleStringOrBinarySize" crap="3" count="13"/>
        <line num="858" type="stmt" count="13"/>
        <line num="860" type="stmt" count="13"/>
        <line num="861" type="stmt" count="4"/>
        <line num="862" type="stmt" count="13"/>
        <line num="863" type="stmt" count="9"/>
        <line num="864" type="stmt" count="9"/>
        <line num="865" type="stmt" count="9"/>
        <line num="866" type="stmt" count="13"/>
        <line num="873" type="method" name="handleStringData" crap="2" count="25"/>
        <line num="875" type="stmt" count="25"/>
        <line num="876" type="stmt" count="25"/>
        <line num="877" type="stmt" count="25"/>
        <line num="878" type="stmt" count="25"/>
        <line num="885" type="method" name="handleStringChunkData" crap="2" count="2"/>
        <line num="887" type="stmt" count="2"/>
        <line num="888" type="stmt" count="2"/>
        <line num="889" type="stmt" count="2"/>
        <line num="890" type="stmt" count="2"/>
        <line num="891" type="stmt" count="2"/>
        <line num="892" type="stmt" count="2"/>
        <line num="899" type="method" name="handleStringChunkFinalData" crap="2" count="2"/>
        <line num="901" type="stmt" count="2"/>
        <line num="902" type="stmt" count="2"/>
        <line num="903" type="stmt" count="2"/>
        <line num="904" type="stmt" count="2"/>
        <line num="905" type="stmt" count="2"/>
        <line num="906" type="stmt" count="2"/>
        <line num="913" type="method" name="handleStringChunkContinuation" crap="3" count="2"/>
        <line num="915" type="stmt" count="2"/>
        <line num="916" type="stmt" count="1"/>
        <line num="917" type="stmt" count="2"/>
        <line num="918" type="stmt" count="1"/>
        <line num="919" type="stmt" count="1"/>
        <line num="920" type="stmt" count="1"/>
        <line num="922" type="stmt" count="1"/>
        <line num="929" type="method" name="handleBinaryData" crap="2" count="2"/>
        <line num="931" type="stmt" count="2"/>
        <line num="932" type="stmt" count="2"/>
        <line num="933" type="stmt" count="2"/>
        <line num="934" type="stmt" count="2"/>
        <line num="941" type="method" name="handleBinaryChunkData" crap="2" count="2"/>
        <line num="943" type="stmt" count="2"/>
        <line num="944" type="stmt" count="2"/>
        <line num="945" type="stmt" count="2"/>
        <line num="946" type="stmt" count="2"/>
        <line num="947" type="stmt" count="2"/>
        <line num="948" type="stmt" count="2"/>
        <line num="955" type="method" name="handleBinaryChunkFinalData" crap="2" count="2"/>
        <line num="957" type="stmt" count="2"/>
        <line num="958" type="stmt" count="2"/>
        <line num="959" type="stmt" count="2"/>
        <line num="960" type="stmt" count="2"/>
        <line num="961" type="stmt" count="2"/>
        <line num="962" type="stmt" count="2"/>
        <line num="969" type="method" name="handleBinaryChunkContinuation" crap="3" count="2"/>
        <line num="971" type="stmt" count="2"/>
        <line num="972" type="stmt" count="1"/>
        <line num="973" type="stmt" count="2"/>
        <line num="974" type="stmt" count="1"/>
        <line num="975" type="stmt" count="1"/>
        <line num="976" type="stmt" count="1"/>
        <line num="978" type="stmt" count="1"/>
        <line num="985" type="method" name="handleDouble1" crap="1" count="4"/>
        <line num="987" type="stmt" count="4"/>
        <line num="988" type="stmt" count="4"/>
        <line num="989" type="stmt" count="4"/>
        <line num="990" type="stmt" count="4"/>
        <line num="997" type="method" name="handleDouble2" crap="2" count="3"/>
        <line num="999" type="stmt" count="3"/>
        <line num="1001" type="stmt" count="3"/>
        <line num="1002" type="stmt" count="3"/>
        <line num="1003" type="stmt" count="3"/>
        <line num="1004" type="stmt" count="3"/>
        <line num="1011" type="method" name="handleDouble4" crap="2" count="2"/>
        <line num="1013" type="stmt" count="2"/>
        <line num="1015" type="stmt" count="2"/>
        <line num="1016" type="stmt" count="2"/>
        <line num="1017" type="stmt" count="2"/>
        <line num="1018" type="stmt" count="2"/>
        <line num="1019" type="stmt" count="2"/>
        <line num="1020" type="stmt" count="2"/>
        <line num="1021" type="stmt" count="2"/>
        <line num="1022" type="stmt" count="2"/>
        <line num="1029" type="method" name="handleDouble8" crap="2" count="1"/>
        <line num="1031" type="stmt" count="1"/>
        <line num="1033" type="stmt" count="1"/>
        <line num="1034" type="stmt" count="1"/>
        <line num="1035" type="stmt" count="1"/>
        <line num="1036" type="stmt" count="1"/>
        <line num="1037" type="stmt" count="1"/>
        <line num="1038" type="stmt" count="1"/>
        <line num="1039" type="stmt" count="1"/>
        <line num="1040" type="stmt" count="1"/>
        <line num="1047" type="method" name="handleInt32" crap="2" count="14"/>
        <line num="1049" type="stmt" count="14"/>
        <line num="1051" type="stmt" count="14"/>
        <line num="1052" type="stmt" count="14"/>
        <line num="1053" type="stmt" count="14"/>
        <line num="1054" type="stmt" count="14"/>
        <line num="1061" type="method" name="handleInt64" crap="2" count="1"/>
        <line num="1063" type="stmt" count="1"/>
        <line num="1065" type="stmt" count="1"/>
        <line num="1066" type="stmt" count="1"/>
        <line num="1067" type="stmt" count="1"/>
        <line num="1068" type="stmt" count="1"/>
        <line num="1075" type="method" name="handleTimestampMilliseconds" crap="2" count="1"/>
        <line num="1077" type="stmt" count="1"/>
        <line num="1079" type="stmt" count="1"/>
        <line num="1080" type="stmt" count="1"/>
        <line num="1081" type="stmt" count="1"/>
        <line num="1082" type="stmt" count="1"/>
        <line num="1089" type="method" name="handleTimestampMinutes" crap="2" count="1"/>
        <line num="1091" type="stmt" count="1"/>
        <line num="1093" type="stmt" count="1"/>
        <line num="1094" type="stmt" count="1"/>
        <line num="1095" type="stmt" count="1"/>
        <line num="1096" type="stmt" count="1"/>
        <line num="1103" type="method" name="handleNextCollectionElement" crap="2" count="15"/>
        <line num="1105" type="stmt" count="15"/>
        <line num="1106" type="stmt" count="15"/>
        <line num="1107" type="stmt" count="15"/>
        <line num="1108" type="stmt" count="11"/>
        <line num="1110" type="stmt" count="15"/>
        <line num="1117" type="method" name="handleCollectionType" crap="3" count="15"/>
        <line num="1119" type="stmt" count="15"/>
        <line num="1120" type="stmt" count="12"/>
        <line num="1121" type="stmt" count="3"/>
        <line num="1122" type="stmt" count="2"/>
        <line num="1125" type="stmt" count="1"/>
        <line num="1134" type="method" name="pushState" crap="2" count="104"/>
        <line num="1136" type="stmt" count="104"/>
        <line num="1137" type="stmt" count="104"/>
        <line num="1138" type="stmt" count="104"/>
        <line num="1139" type="stmt" count="104"/>
        <line num="1140" type="stmt" count="104"/>
        <line num="1141" type="stmt" count="104"/>
        <line num="1142" type="stmt" count="104"/>
        <line num="1144" type="stmt" count="104"/>
        <line num="1146" type="stmt" count="104"/>
        <line num="1147" type="stmt" count="32"/>
        <line num="1148" type="stmt" count="32"/>
        <line num="1150" type="stmt" count="104"/>
        <line num="1151" type="stmt" count="104"/>
        <line num="1156" type="method" name="popState" crap="1" count="76"/>
        <line num="1158" type="stmt" count="76"/>
        <line num="1160" type="stmt" count="76"/>
        <line num="1161" type="stmt" count="76"/>
        <line num="1162" type="stmt" count="76"/>
        <line num="1169" type="method" name="popStateAndEmitValue" crap="1" count="76"/>
        <line num="1171" type="stmt" count="76"/>
        <line num="1172" type="stmt" count="76"/>
        <line num="1173" type="stmt" count="76"/>
        <line num="1178" type="method" name="popStateAndEmitBuffer" crap="1" count="27"/>
        <line num="1180" type="stmt" count="27"/>
        <line num="1181" type="stmt" count="27"/>
        <line num="1186" type="method" name="popStateAndEmitResult" crap="1" count="32"/>
        <line num="1188" type="stmt" count="32"/>
        <line num="1189" type="stmt" count="32"/>
        <line num="1198" type="method" name="appendStringData" crap="4" count="28"/>
        <line num="1200" type="stmt" count="28"/>
        <line num="1203" type="stmt" count="28"/>
        <line num="1204" type="stmt" count="26"/>
        <line num="1206" type="stmt" count="28"/>
        <line num="1207" type="stmt" count="2"/>
        <line num="1209" type="stmt" count="28"/>
        <line num="1210" type="stmt" count="1"/>
        <line num="1213" type="stmt" count="28"/>
        <line num="1223" type="method" name="appendBinaryData" crap="2" count="5"/>
        <line num="1225" type="stmt" count="5"/>
        <line num="1227" type="stmt" count="5"/>
        <line num="1228" type="stmt" count="5"/>
        <line num="1231" type="stmt" count="5"/>
        <line num="1242" type="method" name="appendInt16Data" crap="3" count="16"/>
        <line num="1244" type="stmt" count="16"/>
        <line num="1246" type="stmt" count="16"/>
        <line num="1247" type="stmt" count="16"/>
        <line num="1248" type="stmt" count="16"/>
        <line num="1249" type="stmt" count="16"/>
        <line num="1250" type="stmt" count="16"/>
        <line num="1252" type="stmt" count="16"/>
        <line num="1255" type="stmt" count="11"/>
        <line num="1265" type="method" name="appendInt32Data" crap="2" count="15"/>
        <line num="1267" type="stmt" count="15"/>
        <line num="1269" type="stmt" count="15"/>
        <line num="1270" type="stmt" count="15"/>
        <line num="1271" type="stmt" count="15"/>
        <line num="1272" type="stmt" count="15"/>
        <line num="1273" type="stmt" count="15"/>
        <line num="1275" type="stmt" count="15"/>
        <line num="1278" type="stmt" count="9"/>
        <line num="1288" type="method" name="appendInt64Data" crap="2" count="2"/>
        <line num="1290" type="stmt" count="2"/>
        <line num="1292" type="stmt" count="2"/>
        <line num="1293" type="stmt" count="2"/>
        <line num="1296" type="stmt" count="2"/>
        <line num="1306" type="stmt" count="0"/>
        <metrics loc="1305" ncloc="908" classes="1" methods="78" coveredmethods="78" conditionals="0" coveredconditionals="0" statements="548" coveredstatements="548" elements="626" coveredelements="626"/>
      </file>
      <file name="/home/travis/build/IcecaveLabs/flax/src/Icecave/Flax/Serialization/DecoderState.php">
        <class name="DecoderState" namespace="Icecave\Flax\Serialization">
          <metrics methods="0" coveredmethods="0" conditionals="0" coveredconditionals="0" statements="0" coveredstatements="0" elements="0" coveredelements="0"/>
        </class>
        <line num="57" type="stmt" count="0"/>
        <metrics loc="56" ncloc="56" classes="1" methods="0" coveredmethods="0" conditionals="0" coveredconditionals="0" statements="0" coveredstatements="0" elements="0" coveredelements="0"/>
      </file>
      <file name="/home/travis/build/IcecaveLabs/flax/src/Icecave/Flax/Serialization/Encoder.php">
        <class name="Encoder" namespace="Icecave\Flax\Serialization">
          <metrics methods="21" coveredmethods="21" conditionals="0" coveredconditionals="0" statements="191" coveredstatements="191" elements="212" coveredelements="212"/>
        </class>
        <line num="0" type="stmt" count="1"/>
        <line num="16" type="method" name="__construct" crap="1" count="71"/>
        <line num="18" type="stmt" count="71"/>
        <line num="20" type="stmt" count="71"/>
        <line num="21" type="stmt" count="71"/>
        <line num="22" type="stmt" count="71"/>
        <line num="23" type="method" name="anonymous function" crap="1" count="71"/>
        <line num="24" type="stmt" count="10"/>
        <line num="25" type="stmt" count="10"/>
        <line num="26" type="stmt" count="10"/>
        <line num="27" type="stmt" count="10"/>
        <line num="29" type="stmt" count="71"/>
        <line num="30" type="stmt" count="71"/>
        <line num="31" type="stmt" count="71"/>
        <line num="33" type="method" name="reset" crap="1" count="1"/>
        <line num="35" type="stmt" count="1"/>
        <line num="37" type="stmt" count="1"/>
        <line num="38" type="stmt" count="1"/>
        <line num="39" type="stmt" count="1"/>
        <line num="40" type="stmt" count="1"/>
        <line num="48" type="method" name="encode" crap="8" count="62"/>
        <line num="50" type="stmt" count="62"/>
        <line num="52" type="stmt" count="62"/>
        <line num="55" type="stmt" count="62"/>
        <line num="56" type="stmt" count="26"/>
        <line num="57" type="stmt" count="50"/>
        <line num="58" type="stmt" count="2"/>
        <line num="59" type="stmt" count="48"/>
        <line num="60" type="stmt" count="8"/>
        <line num="61" type="stmt" count="40"/>
        <line num="62" type="stmt" count="12"/>
        <line num="63" type="stmt" count="28"/>
        <line num="64" type="stmt" count="5"/>
        <line num="65" type="stmt" count="24"/>
        <line num="66" type="stmt" count="22"/>
        <line num="67" type="stmt" count="2"/>
        <line num="68" type="stmt" count="1"/>
        <line num="71" type="stmt" count="1"/>
        <line num="79" type="method" name="encodeBinary" crap="5" count="7"/>
        <line num="81" type="stmt" count="7"/>
        <line num="83" type="stmt" count="7"/>
        <line num="85" type="stmt" count="7"/>
        <line num="86" type="stmt" count="2"/>
        <line num="87" type="stmt" count="5"/>
        <line num="88" type="stmt" count="1"/>
        <line num="89" type="stmt" count="1"/>
        <line num="90" type="stmt" count="1"/>
        <line num="92" type="stmt" count="1"/>
        <line num="95" type="stmt" count="4"/>
        <line num="98" type="stmt" count="4"/>
        <line num="99" type="stmt" count="1"/>
        <line num="100" type="stmt" count="1"/>
        <line num="101" type="stmt" count="1"/>
        <line num="102" type="stmt" count="4"/>
        <line num="103" type="stmt" count="4"/>
        <line num="106" type="stmt" count="4"/>
        <line num="107" type="stmt" count="4"/>
        <line num="109" type="stmt" count="4"/>
        <line num="110" type="stmt" count="4"/>
        <line num="112" type="stmt" count="4"/>
        <line num="114" type="stmt" count="4"/>
        <line num="122" type="method" name="encodeTimestamp" crap="2" count="6"/>
        <line num="124" type="stmt" count="6"/>
        <line num="126" type="stmt" count="6"/>
        <line num="127" type="stmt" count="3"/>
        <line num="129" type="stmt" count="3"/>
        <line num="130" type="stmt" count="3"/>
        <line num="131" type="stmt" count="3"/>
        <line num="133" type="stmt" count="3"/>
        <line num="142" type="method" name="encodeInteger" crap="8" count="30"/>
        <line num="145" type="stmt" count="30"/>
        <line num="146" type="stmt" count="22"/>
        <line num="149" type="stmt" count="8"/>
        <line num="150" type="stmt" count="3"/>
        <line num="151" type="stmt" count="3"/>
        <line num="152" type="stmt" count="3"/>
        <line num="154" type="stmt" count="3"/>
        <line num="157" type="stmt" count="5"/>
        <line num="158" type="stmt" count="3"/>
        <line num="159" type="stmt" count="3"/>
        <line num="160" type="stmt" count="3"/>
        <line num="161" type="stmt" count="3"/>
        <line num="163" type="stmt" count="3"/>
        <line num="166" type="stmt" count="2"/>
        <line num="167" type="stmt" count="1"/>
        <line num="170" type="stmt" count="1"/>
        <line num="178" type="method" name="encodeBoolean" crap="2" count="2"/>
        <line num="180" type="stmt" count="2"/>
        <line num="188" type="method" name="encodeString" crap="5" count="17"/>
        <line num="190" type="stmt" count="17"/>
        <line num="192" type="stmt" count="17"/>
        <line num="193" type="stmt" count="12"/>
        <line num="194" type="stmt" count="5"/>
        <line num="195" type="stmt" count="1"/>
        <line num="196" type="stmt" count="1"/>
        <line num="197" type="stmt" count="1"/>
        <line num="199" type="stmt" count="1"/>
        <line num="202" type="stmt" count="4"/>
        <line num="205" type="stmt" count="4"/>
        <line num="206" type="stmt" count="1"/>
        <line num="207" type="stmt" count="1"/>
        <line num="208" type="stmt" count="1"/>
        <line num="209" type="stmt" count="4"/>
        <line num="210" type="stmt" count="4"/>
        <line num="213" type="stmt" count="4"/>
        <line num="214" type="stmt" count="4"/>
        <line num="217" type="stmt" count="4"/>
        <line num="218" type="stmt" count="4"/>
        <line num="220" type="stmt" count="4"/>
        <line num="222" type="stmt" count="4"/>
        <line num="230" type="method" name="encodeDouble" crap="9" count="12"/>
        <line num="232" type="stmt" count="12"/>
        <line num="233" type="stmt" count="1"/>
        <line num="234" type="stmt" count="11"/>
        <line num="235" type="stmt" count="1"/>
        <line num="238" type="stmt" count="10"/>
        <line num="240" type="stmt" count="10"/>
        <line num="241" type="stmt" count="8"/>
        <line num="242" type="stmt" count="4"/>
        <line num="243" type="stmt" count="4"/>
        <line num="244" type="stmt" count="3"/>
        <line num="246" type="stmt" count="1"/>
        <line num="248" type="stmt" count="3"/>
        <line num="249" type="stmt" count="3"/>
        <line num="251" type="stmt" count="3"/>
        <line num="252" type="stmt" count="2"/>
        <line num="255" type="stmt" count="1"/>
        <line num="261" type="method" name="encodeNull" crap="1" count="1"/>
        <line num="263" type="stmt" count="1"/>
        <line num="271" type="method" name="encodeArray" crap="2" count="5"/>
        <line num="273" type="stmt" count="5"/>
        <line num="275" type="stmt" count="5"/>
        <line num="276" type="stmt" count="4"/>
        <line num="278" type="stmt" count="1"/>
        <line num="287" type="method" name="encodeVector" crap="3" count="9"/>
        <line num="289" type="stmt" count="9"/>
        <line num="291" type="stmt" count="9"/>
        <line num="292" type="stmt" count="6"/>
        <line num="293" type="stmt" count="6"/>
        <line num="294" type="stmt" count="3"/>
        <line num="297" type="stmt" count="9"/>
        <line num="298" type="stmt" count="6"/>
        <line num="299" type="stmt" count="9"/>
        <line num="301" type="stmt" count="9"/>
        <line num="309" type="method" name="encodeMap" crap="2" count="4"/>
        <line num="311" type="stmt" count="4"/>
        <line num="313" type="stmt" count="4"/>
        <line num="314" type="stmt" count="3"/>
        <line num="315" type="stmt" count="3"/>
        <line num="316" type="stmt" count="4"/>
        <line num="318" type="stmt" count="4"/>
        <line num="320" type="stmt" count="4"/>
        <line num="328" type="method" name="encodeObject" crap="7" count="22"/>
        <line num="330" type="stmt" count="22"/>
        <line num="331" type="stmt" count="2"/>
        <line num="332" type="stmt" count="20"/>
        <line num="333" type="stmt" count="2"/>
        <line num="336" type="stmt" count="18"/>
        <line num="337" type="stmt" count="18"/>
        <line num="338" type="stmt" count="3"/>
        <line num="339" type="stmt" count="18"/>
        <line num="340" type="stmt" count="5"/>
        <line num="341" type="stmt" count="13"/>
        <line num="342" type="stmt" count="3"/>
        <line num="343" type="stmt" count="10"/>
        <line num="344" type="stmt" count="9"/>
        <line num="347" type="stmt" count="1"/>
        <line num="355" type="method" name="encodeStdClass" crap="4" count="9"/>
        <line num="357" type="stmt" count="9"/>
        <line num="358" type="stmt" count="9"/>
        <line num="360" type="stmt" count="9"/>
        <line num="362" type="stmt" count="9"/>
        <line num="363" type="stmt" count="9"/>
        <line num="364" type="stmt" count="9"/>
        <line num="365" type="stmt" count="9"/>
        <line num="367" type="stmt" count="9"/>
        <line num="368" type="stmt" count="9"/>
        <line num="369" type="stmt" count="9"/>
        <line num="370" type="stmt" count="1"/>
        <line num="373" type="stmt" count="9"/>
        <line num="374" type="stmt" count="6"/>
        <line num="375" type="stmt" count="9"/>
        <line num="377" type="stmt" count="9"/>
        <line num="386" type="method" name="findReference" crap="2" count="18"/>
        <line num="388" type="stmt" count="18"/>
        <line num="389" type="stmt" count="3"/>
        <line num="392" type="stmt" count="18"/>
        <line num="394" type="stmt" count="18"/>
        <line num="402" type="method" name="encodeReference" crap="1" count="3"/>
        <line num="404" type="stmt" count="3"/>
        <line num="413" type="method" name="findClassDefinition" crap="2" count="9"/>
        <line num="415" type="stmt" count="9"/>
        <line num="417" type="stmt" count="9"/>
        <line num="418" type="stmt" count="9"/>
        <line num="420" type="stmt" count="9"/>
        <line num="423" type="stmt" count="2"/>
        <line num="432" type="method" name="encodeClassDefinition" crap="2" count="9"/>
        <line num="434" type="stmt" count="9"/>
        <line num="435" type="stmt" count="9"/>
        <line num="437" type="stmt" count="9"/>
        <line num="438" type="stmt" count="6"/>
        <line num="439" type="stmt" count="9"/>
        <line num="441" type="stmt" count="9"/>
        <line num="449" type="method" name="classDefinitionKey" crap="1" count="9"/>
        <line num="451" type="stmt" count="9"/>
        <line num="452" type="stmt" count="9"/>
        <line num="454" type="stmt" count="9"/>
        <line num="462" type="stmt" count="0"/>
        <metrics loc="461" ncloc="359" classes="1" methods="21" coveredmethods="21" conditionals="0" coveredconditionals="0" statements="186" coveredstatements="186" elements="207" coveredelements="207"/>
      </file>
      <file name="/home/travis/build/IcecaveLabs/flax/src/Icecave/Flax/Serialization/HessianConstants.php">
        <class name="HessianConstants" namespace="Icecave\Flax\Serialization">
          <metrics methods="0" coveredmethods="0" conditionals="0" coveredconditionals="0" statements="0" coveredstatements="0" elements="0" coveredelements="0"/>
        </class>
        <line num="173" type="stmt" count="0"/>
        <metrics loc="172" ncloc="90" classes="1" methods="0" coveredmethods="0" conditionals="0" coveredconditionals="0" statements="0" coveredstatements="0" elements="0" coveredelements="0"/>
      </file>
      <file name="/home/travis/build/IcecaveLabs/flax/src/Icecave/Flax/Serialization/Utility.php">
        <class name="Utility" namespace="Icecave\Flax\Serialization">
          <metrics methods="6" coveredmethods="6" conditionals="0" coveredconditionals="0" statements="19" coveredstatements="19" elements="25" coveredelements="25"/>
        </class>
        <line num="11" type="method" name="isBigEndian" crap="1" count="5"/>
        <line num="13" type="stmt" count="5"/>
        <line num="15" type="stmt" count="5"/>
        <line num="23" type="method" name="convertEndianness" crap="2" count="4"/>
        <line num="25" type="stmt" count="4"/>
        <line num="27" type="stmt" count="4"/>
        <line num="28" type="stmt" count="4"/>
        <line num="29" type="stmt" count="4"/>
        <line num="37" type="method" name="packInt64" crap="1" count="5"/>
        <line num="39" type="stmt" count="5"/>
        <line num="41" type="stmt" count="5"/>
        <line num="42" type="stmt" count="5"/>
        <line num="44" type="stmt" count="5"/>
        <line num="52" type="method" name="unpackInt64" crap="1" count="1"/>
        <line num="54" type="stmt" count="1"/>
        <line num="56" type="stmt" count="1"/>
        <line num="58" type="stmt" count="1"/>
        <line num="66" type="method" name="byteToUnsigned" crap="1" count="1"/>
        <line num="68" type="stmt" count="1"/>
        <line num="70" type="stmt" count="1"/>
        <line num="72" type="stmt" count="1"/>
        <line num="80" type="method" name="byteToSigned" crap="1" count="1"/>
        <line num="82" type="stmt" count="1"/>
        <line num="84" type="stmt" count="1"/>
        <line num="86" type="stmt" count="1"/>
        <line num="89" type="stmt" count="0"/>
        <metrics loc="88" ncloc="60" classes="1" methods="6" coveredmethods="6" conditionals="0" coveredconditionals="0" statements="19" coveredstatements="19" elements="25" coveredelements="25"/>
      </file>
    </package>
    <metrics files="21" loc="2667" ncloc="1918" classes="20" methods="127" coveredmethods="117" conditionals="0" coveredconditionals="0" statements="905" coveredstatements="832" elements="1032" coveredelements="949"/>
  </project>
</coverage>
