<?xml version="1.0" encoding="UTF-8"?>
<testsuites>
  <testsuite name="" tests="46" assertions="46" failures="0" errors="0" time="0.150617">
    <testsuite name="Icecave\Flax\HessianClientTest" file="/home/travis/build/IcecaveLabs/flax/test/suite/Icecave/Flax/HessianClientTest.php" namespace="Icecave\Flax" fullPackage="Icecave.Flax" tests="1" assertions="1" failures="0" errors="0" time="0.005058">
      <testcase name="testPlaceHolder" class="Icecave\Flax\HessianClientTest" file="/home/travis/build/IcecaveLabs/flax/test/suite/Icecave/Flax/HessianClientTest.php" line="13" assertions="1" time="0.005058"/>
    </testsuite>
    <testsuite name="Icecave\Flax\Wire\ValueEncoderTest" file="/home/travis/build/IcecaveLabs/flax/test/suite/Icecave/Flax/Wire/ValueEncoderTest.php" namespace="Icecave\Flax\Wire" fullPackage="Icecave.Flax.Wire" tests="45" assertions="45" failures="0" errors="0" time="0.145559">
      <testsuite name="Icecave\Flax\Wire\ValueEncoderTest::testEncode" tests="34" assertions="34" failures="0" errors="0" time="0.109055">
        <testcase name="testEncode with data set &quot;null&quot;" assertions="1" time="0.005139"/>
        <testcase name="testEncode with data set &quot;boolean - true&quot;" assertions="1" time="0.002893"/>
        <testcase name="testEncode with data set &quot;boolean - false&quot;" assertions="1" time="0.002879"/>
        <testcase name="testEncode with data set &quot;string&quot;" assertions="1" time="0.002928"/>
        <testcase name="testEncode with data set &quot;string - hello&quot;" assertions="1" time="0.002902"/>
        <testcase name="testEncode with data set &quot;string - unicode&quot;" assertions="1" time="0.002865"/>
        <testcase name="testEncode with data set &quot;double - 1 octet zero&quot;" assertions="1" time="0.002833"/>
        <testcase name="testEncode with data set &quot;double - 1 octet one&quot;" assertions="1" time="0.002822"/>
        <testcase name="testEncode with data set &quot;double - 2 octet min&quot;" assertions="1" time="0.002755"/>
        <testcase name="testEncode with data set &quot;double - 2 octet max&quot;" assertions="1" time="0.002791"/>
        <testcase name="testEncode with data set &quot;double - 2 octet midway 1&quot;" assertions="1" time="0.002910"/>
        <testcase name="testEncode with data set &quot;double - 2 octet midway 2&quot;" assertions="1" time="0.002905"/>
        <testcase name="testEncode with data set &quot;double - 3 octet min&quot;" assertions="1" time="0.002905"/>
        <testcase name="testEncode with data set &quot;double - 3 octet max&quot;" assertions="1" time="0.002920"/>
        <testcase name="testEncode with data set &quot;double - 3 octet midway&quot;" assertions="1" time="0.002910"/>
        <testcase name="testEncode with data set &quot;double - 4 octet float&quot;" assertions="1" time="0.003877"/>
        <testcase name="testEncode with data set &quot;double - 4 octet float (whole)&quot;" assertions="1" time="0.003051"/>
        <testcase name="testEncode with data set &quot;double - 8 octet&quot;" assertions="1" time="0.003094"/>
        <testcase name="testEncode with data set &quot;integer - 1 octet zero&quot;" assertions="1" time="0.002771"/>
        <testcase name="testEncode with data set &quot;integer - 1 octet min&quot;" assertions="1" time="0.002733"/>
        <testcase name="testEncode with data set &quot;integer - 1 octet max&quot;" assertions="1" time="0.002773"/>
        <testcase name="testEncode with data set &quot;integer - 1 octet midway&quot;" assertions="1" time="0.002890"/>
        <testcase name="testEncode with data set &quot;integer - 2 octet min&quot;" assertions="1" time="0.002924"/>
        <testcase name="testEncode with data set &quot;integer - 2 octet max&quot;" assertions="1" time="0.002913"/>
        <testcase name="testEncode with data set &quot;integer - 2 octet midway&quot;" assertions="1" time="0.002912"/>
        <testcase name="testEncode with data set &quot;integer - 3 octet min&quot;" assertions="1" time="0.002915"/>
        <testcase name="testEncode with data set &quot;integer - 3 octet max&quot;" assertions="1" time="0.002901"/>
        <testcase name="testEncode with data set &quot;integer - 3 octet midway&quot;" assertions="1" time="0.002874"/>
        <testcase name="testEncode with data set &quot;integer - 4 octet&quot;" assertions="1" time="0.002833"/>
        <testcase name="testEncode with data set &quot;array - empty&quot;" assertions="1" time="0.007879"/>
        <testcase name="testEncode with data set &quot;array - small&quot;" assertions="1" time="0.003615"/>
        <testcase name="testEncode with data set &quot;array - longer&quot;" assertions="1" time="0.004173"/>
        <testcase name="testEncode with data set &quot;array - map&quot;" assertions="1" time="0.003574"/>
        <testcase name="testEncode with data set &quot;integer - 8 octet&quot;" assertions="1" time="0.002995"/>
      </testsuite>
      <testcase name="testEncodeMediumLengthString" class="Icecave\Flax\Wire\ValueEncoderTest" file="/home/travis/build/IcecaveLabs/flax/test/suite/Icecave/Flax/Wire/ValueEncoderTest.php" line="30" assertions="1" time="0.003069"/>
      <testcase name="testEncodeStringWholeChunk" class="Icecave\Flax\Wire\ValueEncoderTest" file="/home/travis/build/IcecaveLabs/flax/test/suite/Icecave/Flax/Wire/ValueEncoderTest.php" line="37" assertions="1" time="0.004166"/>
      <testcase name="testEncodeStringPartialChunk" class="Icecave\Flax\Wire\ValueEncoderTest" file="/home/travis/build/IcecaveLabs/flax/test/suite/Icecave/Flax/Wire/ValueEncoderTest.php" line="44" assertions="1" time="0.003713"/>
      <testcase name="testEncodeStringMultipleChunks" class="Icecave\Flax\Wire\ValueEncoderTest" file="/home/travis/build/IcecaveLabs/flax/test/suite/Icecave/Flax/Wire/ValueEncoderTest.php" line="51" assertions="1" time="0.004229"/>
      <testsuite name="Icecave\Flax\Wire\ValueEncoderTest::testEncodeBinary" tests="2" assertions="2" failures="0" errors="0" time="0.005774">
        <testcase name="testEncodeBinary with data set &quot;binary - empty&quot;" assertions="1" time="0.002897"/>
        <testcase name="testEncodeBinary with data set &quot;binary - 3 octet&quot;" assertions="1" time="0.002877"/>
      </testsuite>
      <testcase name="testEncodeBinaryWholeChunk" class="Icecave\Flax\Wire\ValueEncoderTest" file="/home/travis/build/IcecaveLabs/flax/test/suite/Icecave/Flax/Wire/ValueEncoderTest.php" line="76" assertions="1" time="0.003230"/>
      <testcase name="testEncodeBinaryPartialChunk" class="Icecave\Flax\Wire\ValueEncoderTest" file="/home/travis/build/IcecaveLabs/flax/test/suite/Icecave/Flax/Wire/ValueEncoderTest.php" line="83" assertions="1" time="0.003062"/>
      <testcase name="testEncodeBinaryMultipleChunks" class="Icecave\Flax\Wire\ValueEncoderTest" file="/home/travis/build/IcecaveLabs/flax/test/suite/Icecave/Flax/Wire/ValueEncoderTest.php" line="90" assertions="1" time="0.003384"/>
      <testsuite name="Icecave\Flax\Wire\ValueEncoderTest::testEncodeTimestamp" tests="2" assertions="2" failures="0" errors="0" time="0.005878">
        <testcase name="testEncodeTimestamp with data set &quot;timestamp - milliseconds&quot;" assertions="1" time="0.002969"/>
        <testcase name="testEncodeTimestamp with data set &quot;timestamp - minutes&quot;" assertions="1" time="0.002909"/>
      </testsuite>
    </testsuite>
  </testsuite>
</testsuites>
